<?xml version="1.0" ?>
<coverage version="7.12.0" timestamp="1765450993828" lines-valid="3274" lines-covered="2636" line-rate="0.8051" branches-valid="818" branches-covered="560" branch-rate="0.6846" complexity="0">
	<!-- Generated by coverage.py: https://coverage.readthedocs.io/en/7.12.0 -->
	<!-- Based on https://raw.githubusercontent.com/cobertura/web/master/htdocs/xml/coverage-04.dtd -->
	<sources>
		<source>/home/pcalnon/Development/python/JuniperCanopy/juniper_canopy/src</source>
	</sources>
	<packages>
		<package name="." line-rate="0.7879" branch-rate="0.6286" complexity="0">
			<classes>
				<class name="__init__.py" filename="__init__.py" complexity="0" line-rate="1" branch-rate="1">
					<methods/>
					<lines>
						<line number="7" hits="1"/>
						<line number="8" hits="1"/>
						<line number="9" hits="1"/>
					</lines>
				</class>
				<class name="config_manager.py" filename="config_manager.py" complexity="0" line-rate="0.7989" branch-rate="0.8125">
					<methods/>
					<lines>
						<line number="39" hits="1"/>
						<line number="40" hits="1"/>
						<line number="41" hits="1"/>
						<line number="44" hits="1"/>
						<line number="45" hits="1"/>
						<line number="47" hits="1"/>
						<line number="50" hits="1"/>
						<line number="60" hits="1"/>
						<line number="71" hits="1"/>
						<line number="78" hits="1"/>
						<line number="80" hits="1" branch="true" condition-coverage="100% (2/2)"/>
						<line number="83" hits="1"/>
						<line number="84" hits="1"/>
						<line number="86" hits="1"/>
						<line number="87" hits="1"/>
						<line number="88" hits="1"/>
						<line number="89" hits="1"/>
						<line number="90" hits="1"/>
						<line number="92" hits="1"/>
						<line number="99" hits="1" branch="true" condition-coverage="100% (2/2)"/>
						<line number="100" hits="1"/>
						<line number="101" hits="1"/>
						<line number="103" hits="1"/>
						<line number="104" hits="1"/>
						<line number="105" hits="1"/>
						<line number="106" hits="1"/>
						<line number="107" hits="1"/>
						<line number="112" hits="1"/>
						<line number="119" hits="1"/>
						<line number="121" hits="1" branch="true" condition-coverage="100% (2/2)"/>
						<line number="122" hits="1"/>
						<line number="123" hits="1" branch="true" condition-coverage="100% (2/2)"/>
						<line number="124" hits="1"/>
						<line number="125" hits="1" branch="true" condition-coverage="100% (2/2)"/>
						<line number="126" hits="1"/>
						<line number="127" hits="1"/>
						<line number="129" hits="1"/>
						<line number="130" hits="1"/>
						<line number="132" hits="1"/>
						<line number="139" hits="1"/>
						<line number="141" hits="1" branch="true" condition-coverage="100% (2/2)"/>
						<line number="142" hits="1" branch="true" condition-coverage="100% (2/2)"/>
						<line number="144" hits="1"/>
						<line number="147" hits="1"/>
						<line number="148" hits="1" branch="true" condition-coverage="100% (2/2)"/>
						<line number="149" hits="1" branch="true" condition-coverage="100% (2/2)"/>
						<line number="150" hits="1"/>
						<line number="151" hits="1" branch="true" condition-coverage="100% (2/2)"/>
						<line number="153" hits="1"/>
						<line number="157" hits="1"/>
						<line number="158" hits="1"/>
						<line number="161" hits="1"/>
						<line number="162" hits="1"/>
						<line number="164" hits="1"/>
						<line number="175" hits="1" branch="true" condition-coverage="100% (2/2)"/>
						<line number="176" hits="1"/>
						<line number="177" hits="1" branch="true" condition-coverage="100% (2/2)"/>
						<line number="178" hits="1"/>
						<line number="181" hits="1"/>
						<line number="182" hits="1"/>
						<line number="184" hits="1"/>
						<line number="185" hits="1"/>
						<line number="187" hits="1"/>
						<line number="189" hits="1"/>
						<line number="195" hits="1"/>
						<line number="201" hits="1" branch="true" condition-coverage="100% (2/2)"/>
						<line number="202" hits="1"/>
						<line number="204" hits="1" branch="true" condition-coverage="100% (2/2)"/>
						<line number="205" hits="1"/>
						<line number="206" hits="1"/>
						<line number="207" hits="1" branch="true" condition-coverage="100% (2/2)"/>
						<line number="208" hits="1"/>
						<line number="213" hits="1"/>
						<line number="215" hits="1"/>
						<line number="217" hits="1"/>
						<line number="228" hits="1"/>
						<line number="229" hits="1"/>
						<line number="231" hits="1" branch="true" condition-coverage="100% (2/2)"/>
						<line number="232" hits="1" branch="true" condition-coverage="100% (2/2)"/>
						<line number="233" hits="1"/>
						<line number="235" hits="1"/>
						<line number="237" hits="1"/>
						<line number="239" hits="1"/>
						<line number="247" hits="1"/>
						<line number="248" hits="1"/>
						<line number="250" hits="1" branch="true" condition-coverage="100% (2/2)"/>
						<line number="251" hits="1" branch="true" condition-coverage="100% (2/2)"/>
						<line number="252" hits="1"/>
						<line number="253" hits="1"/>
						<line number="255" hits="1"/>
						<line number="257" hits="1"/>
						<line number="267" hits="1"/>
						<line number="269" hits="1"/>
						<line number="271" hits="1"/>
						<line number="272" hits="1"/>
						<line number="273" hits="1"/>
						<line number="274" hits="1"/>
						<line number="275" hits="1"/>
						<line number="277" hits="1"/>
						<line number="291" hits="1"/>
						<line number="292" hits="1"/>
						<line number="295" hits="1"/>
						<line number="296" hits="1" branch="true" condition-coverage="50% (1/2)" missing-branches="297"/>
						<line number="297" hits="0"/>
						<line number="300" hits="1" branch="true" condition-coverage="50% (1/2)" missing-branches="301"/>
						<line number="301" hits="0"/>
						<line number="306" hits="1"/>
						<line number="308" hits="1"/>
						<line number="309" hits="1"/>
						<line number="311" hits="1"/>
						<line number="325" hits="1"/>
						<line number="327" hits="1" branch="true" condition-coverage="100% (2/2)"/>
						<line number="328" hits="1"/>
						<line number="332" hits="1"/>
						<line number="334" hits="1"/>
						<line number="341" hits="1"/>
						<line number="342" hits="1"/>
						<line number="344" hits="1"/>
						<line number="354" hits="1"/>
						<line number="355" hits="1"/>
						<line number="357" hits="1"/>
						<line number="367" hits="1" branch="true" condition-coverage="50% (1/2)" missing-branches="376"/>
						<line number="368" hits="1"/>
						<line number="369" hits="1"/>
						<line number="371" hits="1"/>
						<line number="372" hits="0"/>
						<line number="373" hits="0"/>
						<line number="374" hits="0"/>
						<line number="376" hits="1" branch="true" condition-coverage="50% (1/2)" missing-branches="377"/>
						<line number="377" hits="0"/>
						<line number="379" hits="1"/>
						<line number="397" hits="1"/>
						<line number="398" hits="1" branch="true" condition-coverage="100% (2/2)"/>
						<line number="399" hits="1"/>
						<line number="400" hits="1"/>
						<line number="401" hits="0"/>
						<line number="402" hits="0"/>
						<line number="403" hits="0"/>
						<line number="405" hits="1" branch="true" condition-coverage="100% (2/2)"/>
						<line number="406" hits="1"/>
						<line number="407" hits="1"/>
						<line number="408" hits="1"/>
						<line number="409" hits="1" branch="true" condition-coverage="50% (1/2)" missing-branches="410"/>
						<line number="410" hits="0"/>
						<line number="414" hits="0"/>
						<line number="415" hits="0"/>
						<line number="416" hits="0"/>
						<line number="417" hits="0"/>
						<line number="419" hits="1"/>
						<line number="421" hits="1"/>
						<line number="422" hits="1"/>
						<line number="423" hits="1" branch="true" condition-coverage="50% (1/2)" missing-branches="424"/>
						<line number="424" hits="0"/>
						<line number="426" hits="0"/>
						<line number="427" hits="1"/>
						<line number="428" hits="0"/>
						<line number="429" hits="0"/>
						<line number="430" hits="0"/>
						<line number="432" hits="1"/>
						<line number="435" hits="0" branch="true" condition-coverage="0% (0/2)" missing-branches="436,437"/>
						<line number="436" hits="0"/>
						<line number="437" hits="0"/>
						<line number="439" hits="0"/>
						<line number="440" hits="0"/>
						<line number="441" hits="0"/>
						<line number="445" hits="0"/>
						<line number="446" hits="0" branch="true" condition-coverage="0% (0/2)" missing-branches="447,460"/>
						<line number="447" hits="0"/>
						<line number="448" hits="0"/>
						<line number="449" hits="0" branch="true" condition-coverage="0% (0/2)" missing-branches="446,450"/>
						<line number="450" hits="0"/>
						<line number="451" hits="0"/>
						<line number="452" hits="0"/>
						<line number="454" hits="0"/>
						<line number="455" hits="0"/>
						<line number="459" hits="0"/>
						<line number="460" hits="0"/>
						<line number="462" hits="1"/>
						<line number="469" hits="1"/>
						<line number="473" hits="1"/>
						<line number="476" hits="1"/>
						<line number="489" hits="1" branch="true" condition-coverage="100% (2/2)"/>
						<line number="490" hits="1"/>
						<line number="492" hits="1"/>
					</lines>
				</class>
				<class name="constants.py" filename="constants.py" complexity="0" line-rate="1" branch-rate="1">
					<methods/>
					<lines>
						<line number="31" hits="1"/>
						<line number="34" hits="1"/>
						<line number="42" hits="1"/>
						<line number="43" hits="1"/>
						<line number="44" hits="1"/>
						<line number="47" hits="1"/>
						<line number="48" hits="1"/>
						<line number="49" hits="1"/>
						<line number="52" hits="1"/>
						<line number="53" hits="1"/>
						<line number="54" hits="1"/>
						<line number="57" hits="1"/>
						<line number="65" hits="1"/>
						<line number="66" hits="1"/>
						<line number="69" hits="1"/>
						<line number="72" hits="1"/>
						<line number="73" hits="1"/>
						<line number="76" hits="1"/>
						<line number="83" hits="1"/>
						<line number="84" hits="1"/>
						<line number="87" hits="1"/>
						<line number="88" hits="1"/>
						<line number="91" hits="1"/>
						<line number="98" hits="1"/>
						<line number="99" hits="1"/>
						<line number="100" hits="1"/>
						<line number="101" hits="1"/>
						<line number="105" hits="1"/>
						<line number="106" hits="1"/>
						<line number="107" hits="1"/>
					</lines>
				</class>
				<class name="demo_mode.py" filename="demo_mode.py" complexity="0" line-rate="0.8629" branch-rate="0.7551">
					<methods/>
					<lines>
						<line number="53" hits="1"/>
						<line number="54" hits="1"/>
						<line number="55" hits="1"/>
						<line number="56" hits="1"/>
						<line number="57" hits="1"/>
						<line number="58" hits="1"/>
						<line number="59" hits="1"/>
						<line number="61" hits="1"/>
						<line number="62" hits="1"/>
						<line number="64" hits="1"/>
						<line number="65" hits="1"/>
						<line number="66" hits="1"/>
						<line number="71" hits="1"/>
						<line number="79" hits="1"/>
						<line number="87" hits="1"/>
						<line number="88" hits="1"/>
						<line number="89" hits="1"/>
						<line number="90" hits="1"/>
						<line number="93" hits="1"/>
						<line number="101" hits="1"/>
						<line number="102" hits="1"/>
						<line number="103" hits="1"/>
						<line number="106" hits="1"/>
						<line number="107" hits="1"/>
						<line number="110" hits="1"/>
						<line number="111" hits="1"/>
						<line number="113" hits="1"/>
						<line number="115" hits="1"/>
						<line number="118" hits="1"/>
						<line number="125" hits="1"/>
						<line number="129" hits="1"/>
						<line number="130" hits="1"/>
						<line number="132" hits="1"/>
						<line number="133" hits="1"/>
						<line number="135" hits="1"/>
						<line number="146" hits="1" branch="true" condition-coverage="50% (1/2)" missing-branches="150"/>
						<line number="147" hits="1"/>
						<line number="150" hits="0"/>
						<line number="152" hits="1"/>
						<line number="155" hits="1"/>
						<line number="166" hits="1"/>
						<line number="173" hits="1"/>
						<line number="176" hits="1"/>
						<line number="177" hits="1"/>
						<line number="178" hits="1"/>
						<line number="180" hits="1" branch="true" condition-coverage="50% (1/2)" missing-branches="181"/>
						<line number="181" hits="0"/>
						<line number="182" hits="0"/>
						<line number="183" hits="0"/>
						<line number="184" hits="0"/>
						<line number="185" hits="0"/>
						<line number="186" hits="0"/>
						<line number="188" hits="1"/>
						<line number="191" hits="1"/>
						<line number="194" hits="1"/>
						<line number="195" hits="1"/>
						<line number="196" hits="1"/>
						<line number="199" hits="1"/>
						<line number="200" hits="1"/>
						<line number="201" hits="1"/>
						<line number="202" hits="1"/>
						<line number="203" hits="1"/>
						<line number="204" hits="1"/>
						<line number="207" hits="1"/>
						<line number="208" hits="1"/>
						<line number="209" hits="1"/>
						<line number="211" hits="1" branch="true" condition-coverage="50% (1/2)" missing-branches="212"/>
						<line number="212" hits="0"/>
						<line number="213" hits="0"/>
						<line number="214" hits="0"/>
						<line number="215" hits="0"/>
						<line number="216" hits="0"/>
						<line number="217" hits="0"/>
						<line number="219" hits="1"/>
						<line number="221" hits="1" branch="true" condition-coverage="50% (1/2)" missing-branches="222"/>
						<line number="222" hits="0"/>
						<line number="223" hits="0"/>
						<line number="224" hits="0"/>
						<line number="225" hits="0"/>
						<line number="226" hits="0"/>
						<line number="227" hits="0"/>
						<line number="231" hits="1"/>
						<line number="233" hits="1" branch="true" condition-coverage="50% (1/2)" missing-branches="234"/>
						<line number="234" hits="0"/>
						<line number="235" hits="0"/>
						<line number="236" hits="0"/>
						<line number="237" hits="0"/>
						<line number="238" hits="0"/>
						<line number="239" hits="0"/>
						<line number="241" hits="1"/>
						<line number="244" hits="1"/>
						<line number="246" hits="1"/>
						<line number="255" hits="1"/>
						<line number="256" hits="1"/>
						<line number="258" hits="1"/>
						<line number="259" hits="1"/>
						<line number="260" hits="1"/>
						<line number="261" hits="0"/>
						<line number="262" hits="0"/>
						<line number="263" hits="0"/>
						<line number="264" hits="0"/>
						<line number="267" hits="1"/>
						<line number="268" hits="1"/>
						<line number="270" hits="1"/>
						<line number="272" hits="1"/>
						<line number="274" hits="1" branch="true" condition-coverage="50% (1/2)" missing-branches="exit"/>
						<line number="275" hits="1"/>
						<line number="289" hits="1"/>
						<line number="291" hits="1" branch="true" condition-coverage="50% (1/2)" missing-branches="292"/>
						<line number="292" hits="0"/>
						<line number="294" hits="1"/>
						<line number="295" hits="1"/>
						<line number="296" hits="1"/>
						<line number="298" hits="1"/>
						<line number="300" hits="1"/>
						<line number="301" hits="1"/>
						<line number="302" hits="1"/>
						<line number="305" hits="1"/>
						<line number="306" hits="1"/>
						<line number="307" hits="1"/>
						<line number="308" hits="1"/>
						<line number="309" hits="1"/>
						<line number="310" hits="1"/>
						<line number="311" hits="1"/>
						<line number="312" hits="1"/>
						<line number="314" hits="1" branch="true" condition-coverage="100% (2/2)"/>
						<line number="315" hits="1"/>
						<line number="316" hits="1"/>
						<line number="317" hits="1"/>
						<line number="318" hits="1"/>
						<line number="320" hits="1"/>
						<line number="321" hits="1" branch="true" condition-coverage="100% (2/2)"/>
						<line number="322" hits="1"/>
						<line number="323" hits="1"/>
						<line number="324" hits="1" branch="true" condition-coverage="100% (2/2)"/>
						<line number="325" hits="1"/>
						<line number="326" hits="1"/>
						<line number="328" hits="1"/>
						<line number="330" hits="1"/>
						<line number="351" hits="1"/>
						<line number="353" hits="1" branch="true" condition-coverage="50% (1/2)" missing-branches="354"/>
						<line number="354" hits="0"/>
						<line number="356" hits="1"/>
						<line number="357" hits="1"/>
						<line number="359" hits="1"/>
						<line number="360" hits="0"/>
						<line number="365" hits="1"/>
						<line number="375" hits="1"/>
						<line number="378" hits="1"/>
						<line number="379" hits="1"/>
						<line number="382" hits="1"/>
						<line number="383" hits="1"/>
						<line number="384" hits="1"/>
						<line number="387" hits="1"/>
						<line number="388" hits="1"/>
						<line number="389" hits="1"/>
						<line number="392" hits="1"/>
						<line number="393" hits="1"/>
						<line number="396" hits="1"/>
						<line number="397" hits="1"/>
						<line number="398" hits="1"/>
						<line number="400" hits="1"/>
						<line number="410" hits="1"/>
						<line number="418" hits="1"/>
						<line number="419" hits="1"/>
						<line number="422" hits="1"/>
						<line number="423" hits="1"/>
						<line number="424" hits="1"/>
						<line number="427" hits="1"/>
						<line number="428" hits="1"/>
						<line number="429" hits="1"/>
						<line number="431" hits="1"/>
						<line number="433" hits="1"/>
						<line number="435" hits="1" branch="true" condition-coverage="50% (1/2)" missing-branches="436"/>
						<line number="436" hits="0"/>
						<line number="439" hits="1"/>
						<line number="440" hits="1"/>
						<line number="450" hits="1" branch="true" condition-coverage="100% (2/2)"/>
						<line number="451" hits="1"/>
						<line number="452" hits="1"/>
						<line number="453" hits="1"/>
						<line number="454" hits="1"/>
						<line number="455" hits="1"/>
						<line number="456" hits="1"/>
						<line number="458" hits="1"/>
						<line number="469" hits="1"/>
						<line number="477" hits="1"/>
						<line number="478" hits="1"/>
						<line number="479" hits="1"/>
						<line number="481" hits="1" branch="true" condition-coverage="100% (2/2)"/>
						<line number="482" hits="1"/>
						<line number="485" hits="1"/>
						<line number="487" hits="1"/>
						<line number="489" hits="1"/>
						<line number="491" hits="1" branch="true" condition-coverage="50% (1/2)" missing-branches="584"/>
						<line number="493" hits="1"/>
						<line number="494" hits="1"/>
						<line number="496" hits="1" branch="true" condition-coverage="50% (1/2)" missing-branches="497"/>
						<line number="497" hits="0"/>
						<line number="498" hits="0"/>
						<line number="501" hits="1"/>
						<line number="505" hits="1" branch="true" condition-coverage="50% (1/2)" missing-branches="506"/>
						<line number="506" hits="0"/>
						<line number="509" hits="1"/>
						<line number="510" hits="1" branch="true" condition-coverage="100% (2/2)"/>
						<line number="511" hits="1"/>
						<line number="512" hits="1"/>
						<line number="514" hits="1"/>
						<line number="515" hits="1" branch="true" condition-coverage="50% (1/2)" missing-branches="520"/>
						<line number="516" hits="1"/>
						<line number="517" hits="1"/>
						<line number="520" hits="1"/>
						<line number="523" hits="1"/>
						<line number="524" hits="1"/>
						<line number="527" hits="1"/>
						<line number="528" hits="1"/>
						<line number="529" hits="1"/>
						<line number="532" hits="1"/>
						<line number="533" hits="1"/>
						<line number="534" hits="1"/>
						<line number="535" hits="1"/>
						<line number="538" hits="1"/>
						<line number="539" hits="1"/>
						<line number="555" hits="1"/>
						<line number="558" hits="1"/>
						<line number="562" hits="1"/>
						<line number="565" hits="1" branch="true" condition-coverage="100% (2/2)"/>
						<line number="567" hits="1"/>
						<line number="568" hits="1"/>
						<line number="569" hits="1"/>
						<line number="570" hits="1"/>
						<line number="571" hits="1"/>
						<line number="574" hits="1"/>
						<line number="575" hits="1"/>
						<line number="578" hits="1"/>
						<line number="581" hits="1" branch="true" condition-coverage="100% (2/2)"/>
						<line number="582" hits="1"/>
						<line number="584" hits="1"/>
						<line number="585" hits="1"/>
						<line number="587" hits="1"/>
						<line number="594" hits="1"/>
						<line number="595" hits="1"/>
						<line number="597" hits="1"/>
						<line number="598" hits="0"/>
						<line number="604" hits="1"/>
						<line number="613" hits="1"/>
						<line number="614" hits="1"/>
						<line number="616" hits="1"/>
						<line number="617" hits="1"/>
						<line number="618" hits="0"/>
						<line number="624" hits="1"/>
						<line number="635" hits="1" branch="true" condition-coverage="50% (1/2)" missing-branches="636"/>
						<line number="636" hits="0"/>
						<line number="637" hits="0"/>
						<line number="640" hits="1" branch="true" condition-coverage="100% (2/2)"/>
						<line number="641" hits="1"/>
						<line number="642" hits="1"/>
						<line number="644" hits="1" branch="true" condition-coverage="100% (2/2)"/>
						<line number="645" hits="1"/>
						<line number="646" hits="1"/>
						<line number="648" hits="1"/>
						<line number="649" hits="1" branch="true" condition-coverage="100% (2/2)"/>
						<line number="650" hits="1"/>
						<line number="651" hits="1"/>
						<line number="652" hits="1"/>
						<line number="655" hits="1"/>
						<line number="666" hits="1" branch="true" condition-coverage="100% (2/2)"/>
						<line number="667" hits="1"/>
						<line number="668" hits="1"/>
						<line number="671" hits="1"/>
						<line number="675" hits="1"/>
						<line number="677" hits="1"/>
						<line number="678" hits="1"/>
						<line number="680" hits="1"/>
						<line number="682" hits="1"/>
						<line number="683" hits="1"/>
						<line number="684" hits="1"/>
						<line number="685" hits="1"/>
						<line number="686" hits="1"/>
						<line number="689" hits="1" branch="true" condition-coverage="100% (2/2)"/>
						<line number="690" hits="1"/>
						<line number="691" hits="1"/>
						<line number="692" hits="1"/>
						<line number="694" hits="1"/>
						<line number="697" hits="1" branch="true" condition-coverage="100% (2/2)"/>
						<line number="698" hits="1"/>
						<line number="699" hits="1"/>
						<line number="701" hits="1" branch="true" condition-coverage="50% (1/2)" missing-branches="704"/>
						<line number="704" hits="0"/>
						<line number="705" hits="0"/>
						<line number="708" hits="1"/>
						<line number="711" hits="1" branch="true" condition-coverage="50% (1/2)" missing-branches="715"/>
						<line number="712" hits="1"/>
						<line number="713" hits="1" branch="true" condition-coverage="50% (1/2)" missing-branches="714"/>
						<line number="714" hits="0"/>
						<line number="715" hits="1"/>
						<line number="719" hits="1"/>
						<line number="721" hits="1"/>
						<line number="723" hits="1"/>
						<line number="726" hits="1" branch="true" condition-coverage="100% (2/2)"/>
						<line number="730" hits="1"/>
						<line number="735" hits="1"/>
						<line number="738" hits="1" branch="true" condition-coverage="100% (2/2)"/>
						<line number="739" hits="1"/>
						<line number="740" hits="1"/>
						<line number="742" hits="1" branch="true" condition-coverage="50% (1/2)" missing-branches="743"/>
						<line number="743" hits="0"/>
						<line number="744" hits="0"/>
						<line number="746" hits="1"/>
						<line number="747" hits="1" branch="true" condition-coverage="50% (1/2)" missing-branches="748"/>
						<line number="748" hits="0"/>
						<line number="749" hits="0"/>
						<line number="750" hits="1"/>
						<line number="752" hits="1"/>
						<line number="754" hits="1"/>
						<line number="757" hits="1" branch="true" condition-coverage="100% (2/2)"/>
						<line number="758" hits="1"/>
						<line number="759" hits="1"/>
						<line number="762" hits="1" branch="true" condition-coverage="100% (2/2)"/>
						<line number="763" hits="1" branch="true" condition-coverage="50% (1/2)" missing-branches="766"/>
						<line number="764" hits="1"/>
						<line number="766" hits="1" branch="true" condition-coverage="50% (1/2)" missing-branches="767"/>
						<line number="767" hits="0"/>
						<line number="768" hits="0"/>
						<line number="770" hits="1"/>
						<line number="771" hits="1" branch="true" condition-coverage="50% (1/2)" missing-branches="772"/>
						<line number="772" hits="0"/>
						<line number="773" hits="0"/>
						<line number="774" hits="1"/>
						<line number="776" hits="1"/>
						<line number="778" hits="1"/>
						<line number="790" hits="1"/>
						<line number="792" hits="1" branch="true" condition-coverage="100% (2/2)"/>
						<line number="793" hits="1"/>
						<line number="795" hits="1" branch="true" condition-coverage="100% (2/2)"/>
						<line number="796" hits="1"/>
						<line number="798" hits="1"/>
						<line number="806" hits="1" branch="true" condition-coverage="50% (1/2)" missing-branches="807"/>
						<line number="807" hits="0"/>
						<line number="808" hits="0"/>
						<line number="810" hits="1" branch="true" condition-coverage="100% (2/2)"/>
						<line number="811" hits="1"/>
						<line number="812" hits="1"/>
						<line number="813" hits="1"/>
						<line number="816" hits="1"/>
						<line number="827" hits="1"/>
						<line number="828" hits="1"/>
						<line number="829" hits="1"/>
						<line number="831" hits="1"/>
						<line number="832" hits="1"/>
						<line number="833" hits="1"/>
						<line number="835" hits="1"/>
						<line number="836" hits="1" branch="true" condition-coverage="50% (1/2)" missing-branches="838"/>
						<line number="837" hits="1"/>
						<line number="838" hits="1"/>
						<line number="840" hits="1"/>
						<line number="841" hits="1"/>
						<line number="842" hits="1"/>
						<line number="843" hits="1"/>
						<line number="844" hits="1"/>
						<line number="846" hits="1"/>
						<line number="853" hits="1"/>
						<line number="854" hits="1"/>
						<line number="856" hits="1"/>
						<line number="857" hits="1"/>
						<line number="859" hits="1"/>
						<line number="860" hits="0"/>
						<line number="865" hits="1"/>
						<line number="872" hits="1"/>
						<line number="874" hits="1"/>
						<line number="881" hits="1"/>
						<line number="883" hits="1"/>
						<line number="890" hits="1"/>
						<line number="891" hits="1"/>
						<line number="893" hits="1"/>
						<line number="900" hits="1"/>
						<line number="901" hits="1"/>
						<line number="913" hits="1"/>
						<line number="927" hits="1"/>
						<line number="928" hits="1" branch="true" condition-coverage="100% (2/2)"/>
						<line number="929" hits="1"/>
						<line number="930" hits="1"/>
						<line number="932" hits="1" branch="true" condition-coverage="100% (2/2)"/>
						<line number="933" hits="1"/>
						<line number="934" hits="1"/>
						<line number="936" hits="1" branch="true" condition-coverage="100% (2/2)"/>
						<line number="937" hits="1"/>
						<line number="938" hits="1"/>
						<line number="941" hits="1"/>
						<line number="945" hits="1"/>
						<line number="948" hits="1"/>
						<line number="960" hits="1" branch="true" condition-coverage="100% (2/2)"/>
						<line number="961" hits="1"/>
						<line number="963" hits="1"/>
					</lines>
				</class>
				<class name="main.py" filename="main.py" complexity="0" line-rate="0.691" branch-rate="0.4237">
					<methods/>
					<lines>
						<line number="36" hits="1"/>
						<line number="37" hits="1"/>
						<line number="38" hits="1"/>
						<line number="41" hits="1"/>
						<line number="42" hits="1"/>
						<line number="45" hits="1"/>
						<line number="49" hits="1"/>
						<line number="52" hits="1"/>
						<line number="53" hits="1"/>
						<line number="54" hits="1"/>
						<line number="60" hits="1"/>
						<line number="64" hits="1"/>
						<line number="65" hits="1"/>
						<line number="66" hits="1"/>
						<line number="67" hits="1"/>
						<line number="68" hits="1"/>
						<line number="69" hits="1"/>
						<line number="83" hits="1"/>
						<line number="86" hits="1"/>
						<line number="87" hits="1"/>
						<line number="88" hits="1"/>
						<line number="91" hits="1"/>
						<line number="95" hits="1"/>
						<line number="98" hits="1"/>
						<line number="99" hits="1"/>
						<line number="102" hits="1"/>
						<line number="103" hits="1"/>
						<line number="106" hits="1"/>
						<line number="107" hits="1"/>
						<line number="108" hits="1"/>
						<line number="111" hits="1"/>
						<line number="112" hits="1"/>
						<line number="115" hits="1"/>
						<line number="120" hits="1" branch="true" condition-coverage="50% (1/2)" missing-branches="143"/>
						<line number="121" hits="1"/>
						<line number="122" hits="1"/>
						<line number="124" hits="1"/>
						<line number="128" hits="1"/>
						<line number="131" hits="1" branch="true" condition-coverage="50% (1/2)" missing-branches="140"/>
						<line number="132" hits="1"/>
						<line number="133" hits="1"/>
						<line number="134" hits="1"/>
						<line number="140" hits="1"/>
						<line number="141" hits="1"/>
						<line number="143" hits="0"/>
						<line number="144" hits="0"/>
						<line number="147" hits="0" branch="true" condition-coverage="0% (0/2)" missing-branches="148,150"/>
						<line number="148" hits="0"/>
						<line number="150" hits="1"/>
						<line number="152" hits="1"/>
						<line number="155" hits="1"/>
						<line number="158" hits="1" branch="true" condition-coverage="50% (1/2)" missing-branches="163"/>
						<line number="159" hits="1"/>
						<line number="160" hits="1"/>
						<line number="163" hits="1"/>
						<line number="166" hits="1" branch="true" condition-coverage="50% (1/2)" missing-branches="167"/>
						<line number="167" hits="0"/>
						<line number="169" hits="1"/>
						<line number="173" hits="1"/>
						<line number="181" hits="1"/>
						<line number="190" hits="1"/>
						<line number="196" hits="1"/>
						<line number="198" hits="1" branch="true" condition-coverage="50% (1/2)" missing-branches="204"/>
						<line number="199" hits="1"/>
						<line number="200" hits="1"/>
						<line number="201" hits="1"/>
						<line number="204" hits="0"/>
						<line number="205" hits="0"/>
						<line number="206" hits="0"/>
						<line number="207" hits="0"/>
						<line number="208" hits="0"/>
						<line number="209" hits="0"/>
						<line number="210" hits="0"/>
						<line number="211" hits="0"/>
						<line number="212" hits="0"/>
						<line number="220" hits="1"/>
						<line number="224" hits="1"/>
						<line number="227" hits="1"/>
						<line number="230" hits="1"/>
						<line number="239" hits="1" branch="true" condition-coverage="50% (1/2)" missing-branches="245"/>
						<line number="240" hits="1"/>
						<line number="241" hits="1"/>
						<line number="245" hits="0"/>
						<line number="248" hits="1"/>
						<line number="249" hits="1"/>
						<line number="255" hits="1"/>
						<line number="258" hits="1"/>
						<line number="265" hits="0"/>
						<line number="267" hits="0"/>
						<line number="269" hits="0"/>
						<line number="270" hits="0" branch="true" condition-coverage="0% (0/2)" missing-branches="exit,271"/>
						<line number="271" hits="0"/>
						<line number="272" hits="0"/>
						<line number="274" hits="0"/>
						<line number="276" hits="0"/>
						<line number="278" hits="0"/>
						<line number="279" hits="0" branch="true" condition-coverage="0% (0/2)" missing-branches="exit,280"/>
						<line number="280" hits="0"/>
						<line number="281" hits="0"/>
						<line number="283" hits="0"/>
						<line number="285" hits="0"/>
						<line number="287" hits="0"/>
						<line number="288" hits="0" branch="true" condition-coverage="0% (0/2)" missing-branches="exit,290"/>
						<line number="290" hits="0"/>
						<line number="291" hits="0"/>
						<line number="294" hits="0"/>
						<line number="295" hits="0"/>
						<line number="296" hits="0"/>
						<line number="298" hits="0"/>
						<line number="301" hits="1"/>
						<line number="302" hits="1"/>
						<line number="317" hits="1"/>
						<line number="318" hits="1"/>
						<line number="319" hits="1"/>
						<line number="322" hits="1" branch="true" condition-coverage="50% (1/2)" missing-branches="324"/>
						<line number="323" hits="1"/>
						<line number="324" hits="0" branch="true" condition-coverage="0% (0/2)" missing-branches="325,327"/>
						<line number="325" hits="0"/>
						<line number="327" hits="0"/>
						<line number="329" hits="1"/>
						<line number="332" hits="1"/>
						<line number="333" hits="1"/>
						<line number="335" hits="1"/>
						<line number="336" hits="1"/>
						<line number="339" hits="1" branch="true" condition-coverage="50% (1/2)" missing-branches="343"/>
						<line number="340" hits="1"/>
						<line number="343" hits="0"/>
						<line number="345" hits="1"/>
						<line number="346" hits="1"/>
						<line number="347" hits="1"/>
						<line number="353" hits="1"/>
						<line number="356" hits="1"/>
						<line number="357" hits="1"/>
						<line number="374" hits="1"/>
						<line number="375" hits="1"/>
						<line number="378" hits="1"/>
						<line number="379" hits="1"/>
						<line number="380" hits="1"/>
						<line number="381" hits="1"/>
						<line number="383" hits="1"/>
						<line number="384" hits="1"/>
						<line number="390" hits="1" branch="true" condition-coverage="50% (1/2)" missing-branches="391"/>
						<line number="391" hits="0"/>
						<line number="393" hits="0"/>
						<line number="394" hits="0"/>
						<line number="395" hits="0"/>
						<line number="398" hits="1"/>
						<line number="402" hits="1" branch="true" condition-coverage="50% (1/2)" missing-branches="431"/>
						<line number="403" hits="1"/>
						<line number="404" hits="1" branch="true" condition-coverage="100% (2/2)"/>
						<line number="405" hits="1"/>
						<line number="407" hits="1"/>
						<line number="408" hits="1"/>
						<line number="409" hits="1" branch="true" condition-coverage="100% (2/2)"/>
						<line number="410" hits="1"/>
						<line number="411" hits="1"/>
						<line number="412" hits="1" branch="true" condition-coverage="100% (2/2)"/>
						<line number="413" hits="1"/>
						<line number="414" hits="1"/>
						<line number="415" hits="1" branch="true" condition-coverage="100% (2/2)"/>
						<line number="416" hits="1"/>
						<line number="417" hits="1"/>
						<line number="418" hits="1" branch="true" condition-coverage="100% (2/2)"/>
						<line number="420" hits="1"/>
						<line number="421" hits="1"/>
						<line number="423" hits="1"/>
						<line number="425" hits="1"/>
						<line number="431" hits="0" branch="true" condition-coverage="0% (0/2)" missing-branches="433,441"/>
						<line number="433" hits="0"/>
						<line number="441" hits="0"/>
						<line number="446" hits="1"/>
						<line number="447" hits="1"/>
						<line number="449" hits="1"/>
						<line number="452" hits="1"/>
						<line number="453" hits="1"/>
						<line number="454" hits="1"/>
						<line number="463" hits="1"/>
						<line number="464" hits="1" branch="true" condition-coverage="50% (1/2)" missing-branches="466"/>
						<line number="465" hits="1"/>
						<line number="466" hits="0" branch="true" condition-coverage="0% (0/2)" missing-branches="467,469"/>
						<line number="467" hits="0"/>
						<line number="469" hits="1"/>
						<line number="479" hits="1"/>
						<line number="480" hits="1"/>
						<line number="489" hits="1" branch="true" condition-coverage="50% (1/2)" missing-branches="492"/>
						<line number="490" hits="1"/>
						<line number="492" hits="0"/>
						<line number="495" hits="1"/>
						<line number="496" hits="1"/>
						<line number="505" hits="1" branch="true" condition-coverage="50% (1/2)" missing-branches="522"/>
						<line number="506" hits="1"/>
						<line number="507" hits="1"/>
						<line number="508" hits="1"/>
						<line number="522" hits="0" branch="true" condition-coverage="0% (0/2)" missing-branches="523,525"/>
						<line number="523" hits="0"/>
						<line number="525" hits="0"/>
						<line number="532" hits="1"/>
						<line number="533" hits="1"/>
						<line number="542" hits="1" branch="true" condition-coverage="50% (1/2)" missing-branches="545"/>
						<line number="543" hits="1"/>
						<line number="545" hits="0" branch="true" condition-coverage="0% (0/2)" missing-branches="546,549"/>
						<line number="546" hits="0"/>
						<line number="547" hits="0"/>
						<line number="549" hits="0"/>
						<line number="552" hits="1"/>
						<line number="553" hits="1"/>
						<line number="561" hits="1" branch="true" condition-coverage="50% (1/2)" missing-branches="564"/>
						<line number="562" hits="1"/>
						<line number="563" hits="1"/>
						<line number="564" hits="0" branch="true" condition-coverage="0% (0/2)" missing-branches="565,567"/>
						<line number="565" hits="0"/>
						<line number="566" hits="0"/>
						<line number="567" hits="0"/>
						<line number="570" hits="1"/>
						<line number="571" hits="1"/>
						<line number="578" hits="1"/>
						<line number="580" hits="1"/>
						<line number="583" hits="1" branch="true" condition-coverage="50% (1/2)" missing-branches="600"/>
						<line number="584" hits="1"/>
						<line number="587" hits="1"/>
						<line number="588" hits="1"/>
						<line number="589" hits="1"/>
						<line number="591" hits="1"/>
						<line number="600" hits="0" branch="true" condition-coverage="0% (0/2)" missing-branches="602,612"/>
						<line number="602" hits="0"/>
						<line number="603" hits="0"/>
						<line number="612" hits="0"/>
						<line number="615" hits="1"/>
						<line number="616" hits="1"/>
						<line number="625" hits="1" branch="true" condition-coverage="50% (1/2)" missing-branches="676"/>
						<line number="626" hits="1"/>
						<line number="627" hits="1"/>
						<line number="631" hits="1" branch="true" condition-coverage="100% (2/2)"/>
						<line number="632" hits="1" branch="true" condition-coverage="100% (2/2)"/>
						<line number="633" hits="1"/>
						<line number="634" hits="1"/>
						<line number="637" hits="1" branch="true" condition-coverage="50% (1/2)" missing-branches="638"/>
						<line number="638" hits="0" branch="true" condition-coverage="0% (0/2)" missing-branches="637,641"/>
						<line number="641" hits="0"/>
						<line number="642" hits="0"/>
						<line number="645" hits="1" branch="true" condition-coverage="50% (1/2)" missing-branches="646"/>
						<line number="646" hits="0" branch="true" condition-coverage="0% (0/2)" missing-branches="645,647"/>
						<line number="647" hits="0"/>
						<line number="648" hits="0"/>
						<line number="651" hits="1" branch="true" condition-coverage="50% (1/2)" missing-branches="652"/>
						<line number="652" hits="0" branch="true" condition-coverage="0% (0/2)" missing-branches="651,653"/>
						<line number="653" hits="0"/>
						<line number="654" hits="0"/>
						<line number="657" hits="1"/>
						<line number="659" hits="1"/>
						<line number="661" hits="1"/>
						<line number="665" hits="1"/>
						<line number="667" hits="1"/>
						<line number="676" hits="0" branch="true" condition-coverage="0% (0/2)" missing-branches="677,680"/>
						<line number="677" hits="0"/>
						<line number="678" hits="0"/>
						<line number="680" hits="0"/>
						<line number="683" hits="1"/>
						<line number="684" hits="1"/>
						<line number="693" hits="1" branch="true" condition-coverage="50% (1/2)" missing-branches="704"/>
						<line number="694" hits="1"/>
						<line number="695" hits="1"/>
						<line number="704" hits="0" branch="true" condition-coverage="0% (0/2)" missing-branches="705,708"/>
						<line number="705" hits="0"/>
						<line number="706" hits="0"/>
						<line number="708" hits="0"/>
						<line number="711" hits="1"/>
						<line number="712" hits="1"/>
						<line number="721" hits="1" branch="true" condition-coverage="50% (1/2)" missing-branches="757"/>
						<line number="722" hits="1"/>
						<line number="723" hits="1"/>
						<line number="725" hits="1"/>
						<line number="726" hits="1"/>
						<line number="729" hits="1"/>
						<line number="730" hits="1"/>
						<line number="731" hits="1"/>
						<line number="734" hits="1"/>
						<line number="735" hits="1"/>
						<line number="738" hits="1"/>
						<line number="739" hits="1"/>
						<line number="740" hits="1"/>
						<line number="741" hits="1"/>
						<line number="742" hits="1"/>
						<line number="744" hits="1"/>
						<line number="757" hits="0" branch="true" condition-coverage="0% (0/2)" missing-branches="759,767"/>
						<line number="759" hits="0" branch="true" condition-coverage="0% (0/2)" missing-branches="761,767"/>
						<line number="761" hits="0"/>
						<line number="762" hits="0"/>
						<line number="767" hits="0"/>
						<line number="770" hits="1"/>
						<line number="771" hits="1"/>
						<line number="777" hits="1"/>
						<line number="780" hits="1"/>
						<line number="781" hits="1"/>
						<line number="786" hits="1"/>
						<line number="787" hits="1"/>
						<line number="788" hits="1"/>
						<line number="789" hits="1"/>
						<line number="790" hits="1"/>
						<line number="791" hits="1"/>
						<line number="793" hits="1"/>
						<line number="794" hits="1"/>
						<line number="795" hits="0"/>
						<line number="798" hits="1"/>
						<line number="799" hits="1"/>
						<line number="807" hits="1"/>
						<line number="809" hits="1"/>
						<line number="810" hits="1"/>
						<line number="812" hits="1" branch="true" condition-coverage="50% (1/2)" missing-branches="819"/>
						<line number="813" hits="1"/>
						<line number="814" hits="1"/>
						<line number="815" hits="1"/>
						<line number="817" hits="1"/>
						<line number="818" hits="1"/>
						<line number="819" hits="0" branch="true" condition-coverage="0% (0/2)" missing-branches="820,825"/>
						<line number="820" hits="0"/>
						<line number="821" hits="0"/>
						<line number="822" hits="0"/>
						<line number="823" hits="0"/>
						<line number="825" hits="0"/>
						<line number="826" hits="0"/>
						<line number="829" hits="1"/>
						<line number="830" hits="1"/>
						<line number="836" hits="1"/>
						<line number="838" hits="1" branch="true" condition-coverage="50% (1/2)" missing-branches="843"/>
						<line number="839" hits="1"/>
						<line number="840" hits="1"/>
						<line number="841" hits="1"/>
						<line number="843" hits="0"/>
						<line number="844" hits="0"/>
						<line number="847" hits="1"/>
						<line number="848" hits="1"/>
						<line number="854" hits="1"/>
						<line number="856" hits="1" branch="true" condition-coverage="50% (1/2)" missing-branches="861"/>
						<line number="857" hits="1"/>
						<line number="858" hits="1"/>
						<line number="859" hits="1"/>
						<line number="861" hits="0"/>
						<line number="862" hits="0"/>
						<line number="865" hits="1"/>
						<line number="866" hits="1"/>
						<line number="872" hits="1"/>
						<line number="874" hits="1" branch="true" condition-coverage="50% (1/2)" missing-branches="879"/>
						<line number="875" hits="1"/>
						<line number="876" hits="1"/>
						<line number="877" hits="1"/>
						<line number="879" hits="0"/>
						<line number="880" hits="0"/>
						<line number="883" hits="1"/>
						<line number="884" hits="1"/>
						<line number="890" hits="1"/>
						<line number="892" hits="1" branch="true" condition-coverage="50% (1/2)" missing-branches="897"/>
						<line number="893" hits="1"/>
						<line number="894" hits="1"/>
						<line number="895" hits="1"/>
						<line number="897" hits="0"/>
						<line number="898" hits="0"/>
						<line number="901" hits="1"/>
						<line number="902" hits="1"/>
						<line number="912" hits="1"/>
						<line number="913" hits="1"/>
						<line number="914" hits="1"/>
						<line number="915" hits="1"/>
						<line number="918" hits="1"/>
						<line number="919" hits="1" branch="true" condition-coverage="100% (2/2)"/>
						<line number="920" hits="1"/>
						<line number="921" hits="1" branch="true" condition-coverage="100% (2/2)"/>
						<line number="922" hits="1"/>
						<line number="926" hits="1"/>
						<line number="928" hits="1" branch="true" condition-coverage="100% (2/2)"/>
						<line number="929" hits="1" branch="true" condition-coverage="100% (2/2)"/>
						<line number="930" hits="1"/>
						<line number="931" hits="1"/>
						<line number="934" hits="1" branch="true" condition-coverage="50% (1/2)" missing-branches="942"/>
						<line number="935" hits="1"/>
						<line number="942" hits="1"/>
						<line number="944" hits="1"/>
						<line number="946" hits="1"/>
						<line number="955" hits="1"/>
						<line number="962" hits="0"/>
						<line number="963" hits="0"/>
						<line number="965" hits="0"/>
						<line number="966" hits="0"/>
						<line number="967" hits="0"/>
						<line number="969" hits="0"/>
						<line number="970" hits="0"/>
						<line number="971" hits="0" branch="true" condition-coverage="0% (0/2)" missing-branches="972,974"/>
						<line number="972" hits="0"/>
						<line number="974" hits="0"/>
						<line number="977" hits="0"/>
						<line number="978" hits="0"/>
						<line number="979" hits="0"/>
						<line number="981" hits="0"/>
						<line number="982" hits="0"/>
						<line number="983" hits="0"/>
						<line number="984" hits="0"/>
						<line number="985" hits="0"/>
						<line number="988" hits="0"/>
					</lines>
				</class>
			</classes>
		</package>
		<package name="backend" line-rate="0.8874" branch-rate="0.8211" complexity="0">
			<classes>
				<class name="cascor_integration.py" filename="backend/cascor_integration.py" complexity="0" line-rate="0.7795" branch-rate="0.7237">
					<methods/>
					<lines>
						<line number="45" hits="1"/>
						<line number="46" hits="1"/>
						<line number="47" hits="1"/>
						<line number="48" hits="1"/>
						<line number="49" hits="1"/>
						<line number="50" hits="1"/>
						<line number="51" hits="1"/>
						<line number="52" hits="1"/>
						<line number="53" hits="1"/>
						<line number="55" hits="1"/>
						<line number="56" hits="1"/>
						<line number="58" hits="1"/>
						<line number="61" hits="1"/>
						<line number="62" hits="1"/>
						<line number="65" hits="1"/>
						<line number="85" hits="1"/>
						<line number="99" hits="1"/>
						<line number="102" hits="1"/>
						<line number="104" hits="1"/>
						<line number="105" hits="1"/>
						<line number="106" hits="1"/>
						<line number="107" hits="1"/>
						<line number="108" hits="1"/>
						<line number="109" hits="1"/>
						<line number="110" hits="1"/>
						<line number="111" hits="1"/>
						<line number="112" hits="1"/>
						<line number="113" hits="1"/>
						<line number="114" hits="1"/>
						<line number="116" hits="1"/>
						<line number="117" hits="1"/>
						<line number="118" hits="1"/>
						<line number="119" hits="1"/>
						<line number="120" hits="1"/>
						<line number="122" hits="1"/>
						<line number="147" hits="1"/>
						<line number="155" hits="1"/>
						<line number="157" hits="1" branch="true" condition-coverage="100% (2/2)"/>
						<line number="158" hits="1"/>
						<line number="159" hits="1"/>
						<line number="160" hits="1" branch="true" condition-coverage="100% (2/2)"/>
						<line number="161" hits="1"/>
						<line number="162" hits="1"/>
						<line number="164" hits="1"/>
						<line number="165" hits="1"/>
						<line number="167" hits="1" branch="true" condition-coverage="100% (2/2)"/>
						<line number="168" hits="1"/>
						<line number="169" hits="1"/>
						<line number="170" hits="1" branch="true" condition-coverage="100% (2/2)"/>
						<line number="171" hits="1"/>
						<line number="172" hits="1"/>
						<line number="174" hits="1" branch="true" condition-coverage="100% (2/2)"/>
						<line number="175" hits="1"/>
						<line number="176" hits="1"/>
						<line number="177" hits="1"/>
						<line number="179" hits="1"/>
						<line number="182" hits="1"/>
						<line number="183" hits="1"/>
						<line number="186" hits="1"/>
						<line number="187" hits="1"/>
						<line number="188" hits="1" branch="true" condition-coverage="100% (2/2)"/>
						<line number="189" hits="1"/>
						<line number="190" hits="1"/>
						<line number="197" hits="1"/>
						<line number="198" hits="1"/>
						<line number="200" hits="1"/>
						<line number="213" hits="1"/>
						<line number="214" hits="1" branch="true" condition-coverage="100% (2/2)"/>
						<line number="215" hits="1"/>
						<line number="216" hits="1" branch="true" condition-coverage="100% (2/2)"/>
						<line number="217" hits="1"/>
						<line number="218" hits="1"/>
						<line number="221" hits="1"/>
						<line number="222" hits="1"/>
						<line number="235" hits="1"/>
						<line number="237" hits="1"/>
						<line number="238" hits="1"/>
						<line number="251" hits="0"/>
						<line number="253" hits="1"/>
						<line number="254" hits="1"/>
						<line number="267" hits="0"/>
						<line number="269" hits="1"/>
						<line number="287" hits="1"/>
						<line number="289" hits="1"/>
						<line number="291" hits="1"/>
						<line number="292" hits="1"/>
						<line number="293" hits="1"/>
						<line number="296" hits="1"/>
						<line number="300" hits="1"/>
						<line number="301" hits="1"/>
						<line number="302" hits="1"/>
						<line number="305" hits="1"/>
						<line number="306" hits="1"/>
						<line number="308" hits="1"/>
						<line number="309" hits="1"/>
						<line number="310" hits="1"/>
						<line number="311" hits="1"/>
						<line number="312" hits="1"/>
						<line number="313" hits="1"/>
						<line number="314" hits="1"/>
						<line number="320" hits="1"/>
						<line number="347" hits="1" branch="true" condition-coverage="50% (1/2)" missing-branches="348"/>
						<line number="348" hits="0"/>
						<line number="349" hits="1"/>
						<line number="352" hits="1"/>
						<line number="355" hits="1" branch="true" condition-coverage="100% (2/2)"/>
						<line number="356" hits="1"/>
						<line number="359" hits="1"/>
						<line number="362" hits="1"/>
						<line number="363" hits="1"/>
						<line number="364" hits="1"/>
						<line number="367" hits="1"/>
						<line number="369" hits="1"/>
						<line number="384" hits="1"/>
						<line number="385" hits="1"/>
						<line number="386" hits="1"/>
						<line number="389" hits="1"/>
						<line number="392" hits="1"/>
						<line number="394" hits="1"/>
						<line number="416" hits="1" branch="true" condition-coverage="100% (2/2)"/>
						<line number="417" hits="1"/>
						<line number="418" hits="1"/>
						<line number="419" hits="1" branch="true" condition-coverage="100% (2/2)"/>
						<line number="420" hits="1"/>
						<line number="421" hits="1"/>
						<line number="422" hits="1"/>
						<line number="424" hits="1"/>
						<line number="425" hits="1"/>
						<line number="426" hits="1"/>
						<line number="429" hits="1"/>
						<line number="431" hits="1"/>
						<line number="432" hits="0"/>
						<line number="433" hits="0"/>
						<line number="434" hits="0"/>
						<line number="435" hits="0"/>
						<line number="437" hits="1"/>
						<line number="440" hits="1"/>
						<line number="442" hits="1"/>
						<line number="443" hits="0"/>
						<line number="444" hits="0"/>
						<line number="445" hits="0"/>
						<line number="446" hits="0"/>
						<line number="448" hits="1"/>
						<line number="451" hits="1"/>
						<line number="453" hits="1"/>
						<line number="454" hits="0"/>
						<line number="455" hits="0"/>
						<line number="456" hits="0"/>
						<line number="457" hits="0"/>
						<line number="459" hits="1"/>
						<line number="460" hits="1"/>
						<line number="461" hits="1"/>
						<line number="462" hits="1"/>
						<line number="467" hits="1"/>
						<line number="480" hits="0"/>
						<line number="481" hits="0"/>
						<line number="484" hits="0"/>
						<line number="493" hits="1"/>
						<line number="507" hits="0"/>
						<line number="508" hits="0"/>
						<line number="511" hits="0"/>
						<line number="514" hits="0"/>
						<line number="523" hits="1"/>
						<line number="536" hits="0"/>
						<line number="537" hits="0"/>
						<line number="539" hits="1"/>
						<line number="552" hits="0"/>
						<line number="555" hits="0"/>
						<line number="568" hits="0"/>
						<line number="576" hits="0"/>
						<line number="578" hits="1"/>
						<line number="590" hits="0"/>
						<line number="591" hits="0"/>
						<line number="593" hits="1"/>
						<line number="607" hits="0"/>
						<line number="608" hits="0"/>
						<line number="609" hits="0"/>
						<line number="618" hits="1"/>
						<line number="632" hits="0"/>
						<line number="633" hits="0" branch="true" condition-coverage="0% (0/2)" missing-branches="634,640"/>
						<line number="634" hits="0" branch="true" condition-coverage="0% (0/2)" missing-branches="635,636"/>
						<line number="635" hits="0"/>
						<line number="636" hits="0" branch="true" condition-coverage="0% (0/2)" missing-branches="637,639"/>
						<line number="637" hits="0"/>
						<line number="639" hits="0"/>
						<line number="640" hits="0"/>
						<line number="642" hits="1"/>
						<line number="655" hits="1"/>
						<line number="656" hits="1"/>
						<line number="658" hits="1"/>
						<line number="662" hits="1"/>
						<line number="676" hits="1" branch="true" condition-coverage="100% (2/2)"/>
						<line number="677" hits="1"/>
						<line number="678" hits="1"/>
						<line number="679" hits="1"/>
						<line number="680" hits="1"/>
						<line number="681" hits="1"/>
						<line number="684" hits="1"/>
						<line number="685" hits="1"/>
						<line number="687" hits="1"/>
						<line number="699" hits="1" branch="true" condition-coverage="100% (2/2)"/>
						<line number="700" hits="1"/>
						<line number="701" hits="1"/>
						<line number="702" hits="1" branch="true" condition-coverage="100% (2/2)"/>
						<line number="703" hits="1"/>
						<line number="704" hits="1" branch="true" condition-coverage="50% (1/2)" missing-branches="705"/>
						<line number="705" hits="0"/>
						<line number="707" hits="1"/>
						<line number="708" hits="1"/>
						<line number="710" hits="1"/>
						<line number="723" hits="1"/>
						<line number="724" hits="1" branch="true" condition-coverage="100% (2/2)"/>
						<line number="725" hits="1"/>
						<line number="728" hits="1"/>
						<line number="729" hits="1" branch="true" condition-coverage="50% (1/2)" missing-branches="735"/>
						<line number="732" hits="1"/>
						<line number="735" hits="1"/>
						<line number="736" hits="1"/>
						<line number="738" hits="1"/>
						<line number="760" hits="1" branch="true" condition-coverage="100% (2/2)"/>
						<line number="761" hits="1"/>
						<line number="762" hits="1"/>
						<line number="763" hits="1"/>
						<line number="773" hits="1"/>
						<line number="805" hits="1" branch="true" condition-coverage="100% (2/2)"/>
						<line number="806" hits="1"/>
						<line number="807" hits="1"/>
						<line number="808" hits="1"/>
						<line number="809" hits="1"/>
						<line number="810" hits="1"/>
						<line number="811" hits="1"/>
						<line number="820" hits="1" branch="true" condition-coverage="100% (2/2)"/>
						<line number="821" hits="1"/>
						<line number="829" hits="1"/>
						<line number="834" hits="1"/>
						<line number="843" hits="1"/>
						<line number="845" hits="1"/>
						<line number="859" hits="0" branch="true" condition-coverage="0% (0/2)" missing-branches="860,861"/>
						<line number="860" hits="0"/>
						<line number="861" hits="0"/>
						<line number="862" hits="0"/>
						<line number="870" hits="1"/>
						<line number="884" hits="0" branch="true" condition-coverage="0% (0/2)" missing-branches="885,888"/>
						<line number="885" hits="0"/>
						<line number="888" hits="0"/>
						<line number="889" hits="0"/>
						<line number="890" hits="0"/>
						<line number="891" hits="0"/>
						<line number="892" hits="0"/>
						<line number="895" hits="0"/>
						<line number="898" hits="0"/>
						<line number="899" hits="0"/>
						<line number="909" hits="1"/>
						<line number="938" hits="1" branch="true" condition-coverage="50% (1/2)" missing-branches="939"/>
						<line number="939" hits="0"/>
						<line number="940" hits="1" branch="true" condition-coverage="50% (1/2)" missing-branches="941"/>
						<line number="941" hits="0"/>
						<line number="942" hits="1" branch="true" condition-coverage="100% (2/2)"/>
						<line number="943" hits="1"/>
						<line number="944" hits="1"/>
						<line number="947" hits="1" branch="true" condition-coverage="50% (1/2)" missing-branches="949"/>
						<line number="948" hits="1"/>
						<line number="949" hits="1" branch="true" condition-coverage="50% (1/2)" missing-branches="951"/>
						<line number="950" hits="1"/>
						<line number="951" hits="1"/>
						<line number="959" hits="1"/>
						<line number="973" hits="1"/>
						<line number="974" hits="1"/>
						<line number="976" hits="1"/>
						<line number="977" hits="1"/>
						<line number="980" hits="1"/>
						<line number="981" hits="1"/>
						<line number="982" hits="1"/>
						<line number="983" hits="1"/>
						<line number="984" hits="1"/>
						<line number="985" hits="1"/>
						<line number="986" hits="1"/>
						<line number="997" hits="1"/>
						<line number="1013" hits="1" branch="true" condition-coverage="100% (2/2)"/>
						<line number="1014" hits="1"/>
						<line number="1017" hits="1"/>
						<line number="1031" hits="1"/>
						<line number="1032" hits="1" branch="true" condition-coverage="50% (1/2)" missing-branches="1034"/>
						<line number="1033" hits="1"/>
						<line number="1034" hits="1"/>
						<line number="1037" hits="1"/>
						<line number="1039" hits="1"/>
						<line number="1059" hits="0"/>
						<line number="1061" hits="1"/>
						<line number="1089" hits="0"/>
						<line number="1092" hits="0" branch="true" condition-coverage="0% (0/2)" missing-branches="1093,1098"/>
						<line number="1093" hits="0"/>
						<line number="1094" hits="0"/>
						<line number="1095" hits="0"/>
						<line number="1096" hits="0"/>
						<line number="1098" hits="0"/>
						<line number="1099" hits="0"/>
						<line number="1100" hits="0"/>
						<line number="1101" hits="0"/>
						<line number="1104" hits="0"/>
						<line number="1105" hits="0"/>
						<line number="1107" hits="1"/>
						<line number="1119" hits="1" branch="true" condition-coverage="100% (2/2)"/>
						<line number="1120" hits="1"/>
						<line number="1121" hits="1" branch="true" condition-coverage="100% (2/2)"/>
						<line number="1122" hits="1"/>
						<line number="1123" hits="1"/>
						<line number="1124" hits="1"/>
						<line number="1126" hits="1"/>
						<line number="1140" hits="1" branch="true" condition-coverage="100% (2/2)"/>
						<line number="1141" hits="1"/>
						<line number="1142" hits="1"/>
						<line number="1143" hits="1"/>
						<line number="1144" hits="1"/>
						<line number="1145" hits="1"/>
						<line number="1146" hits="1"/>
						<line number="1147" hits="1" branch="true" condition-coverage="50% (1/2)" missing-branches="1149"/>
						<line number="1148" hits="1"/>
						<line number="1149" hits="1"/>
						<line number="1151" hits="1"/>
						<line number="1163" hits="1"/>
						<line number="1164" hits="1"/>
					</lines>
				</class>
				<class name="data_adapter.py" filename="backend/data_adapter.py" complexity="0" line-rate="1" branch-rate="0.9423">
					<methods/>
					<lines>
						<line number="36" hits="1"/>
						<line number="37" hits="1"/>
						<line number="38" hits="1"/>
						<line number="39" hits="1"/>
						<line number="41" hits="1"/>
						<line number="42" hits="1"/>
						<line number="44" hits="1"/>
						<line number="47" hits="1"/>
						<line number="48" hits="1"/>
						<line number="56" hits="1"/>
						<line number="57" hits="1"/>
						<line number="58" hits="1"/>
						<line number="59" hits="1"/>
						<line number="61" hits="1"/>
						<line number="63" hits="1"/>
						<line number="64" hits="1"/>
						<line number="65" hits="1"/>
						<line number="68" hits="1"/>
						<line number="69" hits="1"/>
						<line number="77" hits="1"/>
						<line number="79" hits="1"/>
						<line number="81" hits="1"/>
						<line number="84" hits="1"/>
						<line number="85" hits="1"/>
						<line number="93" hits="1"/>
						<line number="95" hits="1"/>
						<line number="98" hits="1"/>
						<line number="99" hits="1"/>
						<line number="108" hits="1"/>
						<line number="110" hits="1"/>
						<line number="119" hits="1"/>
						<line number="130" hits="1"/>
						<line number="132" hits="1"/>
						<line number="133" hits="1"/>
						<line number="134" hits="1"/>
						<line number="136" hits="1"/>
						<line number="163" hits="1"/>
						<line number="175" hits="1"/>
						<line number="200" hits="1"/>
						<line number="203" hits="1"/>
						<line number="204" hits="1"/>
						<line number="205" hits="1"/>
						<line number="208" hits="1"/>
						<line number="211" hits="1"/>
						<line number="214" hits="1"/>
						<line number="217" hits="1" branch="true" condition-coverage="100% (2/2)"/>
						<line number="218" hits="1" branch="true" condition-coverage="100% (2/2)"/>
						<line number="219" hits="1" branch="true" condition-coverage="100% (2/2)"/>
						<line number="220" hits="1"/>
						<line number="221" hits="1"/>
						<line number="228" hits="1" branch="true" condition-coverage="100% (2/2)"/>
						<line number="229" hits="1" branch="true" condition-coverage="100% (2/2)"/>
						<line number="230" hits="1"/>
						<line number="231" hits="1"/>
						<line number="238" hits="1" branch="true" condition-coverage="100% (2/2)"/>
						<line number="239" hits="1" branch="true" condition-coverage="100% (2/2)"/>
						<line number="240" hits="1" branch="true" condition-coverage="100% (2/2)"/>
						<line number="241" hits="1"/>
						<line number="242" hits="1"/>
						<line number="251" hits="1"/>
						<line number="260" hits="1"/>
						<line number="261" hits="1" branch="true" condition-coverage="50% (1/2)" missing-branches="264"/>
						<line number="262" hits="1"/>
						<line number="264" hits="1"/>
						<line number="275" hits="1"/>
						<line number="278" hits="1"/>
						<line number="281" hits="1" branch="true" condition-coverage="100% (2/2)"/>
						<line number="282" hits="1"/>
						<line number="284" hits="1" branch="true" condition-coverage="100% (2/2)"/>
						<line number="285" hits="1" branch="true" condition-coverage="100% (2/2)"/>
						<line number="286" hits="1"/>
						<line number="287" hits="1"/>
						<line number="297" hits="1"/>
						<line number="300" hits="1"/>
						<line number="303" hits="1" branch="true" condition-coverage="100% (2/2)"/>
						<line number="304" hits="1"/>
						<line number="306" hits="1" branch="true" condition-coverage="100% (2/2)"/>
						<line number="307" hits="1"/>
						<line number="308" hits="1"/>
						<line number="318" hits="1"/>
						<line number="320" hits="1"/>
						<line number="334" hits="1"/>
						<line number="343" hits="1"/>
						<line number="353" hits="1"/>
						<line number="355" hits="1" branch="true" condition-coverage="100% (2/2)"/>
						<line number="356" hits="1" branch="true" condition-coverage="100% (2/2)"/>
						<line number="357" hits="1"/>
						<line number="358" hits="1" branch="true" condition-coverage="100% (2/2)"/>
						<line number="359" hits="1"/>
						<line number="360" hits="1" branch="true" condition-coverage="100% (2/2)"/>
						<line number="361" hits="1"/>
						<line number="363" hits="1"/>
						<line number="365" hits="1"/>
						<line number="367" hits="1"/>
						<line number="395" hits="1"/>
						<line number="397" hits="1" branch="true" condition-coverage="100% (2/2)"/>
						<line number="398" hits="1"/>
						<line number="403" hits="1"/>
						<line number="405" hits="1" branch="true" condition-coverage="100% (2/2)"/>
						<line number="406" hits="1"/>
						<line number="411" hits="1"/>
						<line number="413" hits="1" branch="true" condition-coverage="100% (2/2)"/>
						<line number="414" hits="1"/>
						<line number="419" hits="1"/>
						<line number="422" hits="1"/>
						<line number="424" hits="1"/>
						<line number="427" hits="1"/>
						<line number="428" hits="1"/>
						<line number="429" hits="1"/>
						<line number="431" hits="1" branch="true" condition-coverage="100% (2/2)"/>
						<line number="432" hits="1"/>
						<line number="433" hits="1"/>
						<line number="434" hits="1"/>
						<line number="437" hits="1" branch="true" condition-coverage="100% (2/2)"/>
						<line number="438" hits="1"/>
						<line number="439" hits="1"/>
						<line number="440" hits="1"/>
						<line number="441" hits="1"/>
						<line number="443" hits="1" branch="true" condition-coverage="100% (2/2)"/>
						<line number="444" hits="1"/>
						<line number="445" hits="1"/>
						<line number="446" hits="1" branch="true" condition-coverage="50% (1/2)" missing-branches="448"/>
						<line number="447" hits="1"/>
						<line number="448" hits="1" branch="true" condition-coverage="50% (1/2)" missing-branches="451"/>
						<line number="449" hits="1"/>
						<line number="451" hits="1"/>
						<line number="454" hits="1"/>
						<line number="464" hits="1"/>
						<line number="466" hits="1"/>
						<line number="468" hits="1"/>
						<line number="470" hits="1"/>
						<line number="471" hits="1"/>
					</lines>
				</class>
				<class name="statistics.py" filename="backend/statistics.py" complexity="0" line-rate="0.9057" branch-rate="0.9167">
					<methods/>
					<lines>
						<line number="34" hits="1"/>
						<line number="36" hits="1"/>
						<line number="37" hits="1"/>
						<line number="40" hits="1"/>
						<line number="53" hits="1" branch="true" condition-coverage="100% (2/2)"/>
						<line number="54" hits="1"/>
						<line number="56" hits="1" branch="true" condition-coverage="100% (2/2)"/>
						<line number="57" hits="1"/>
						<line number="60" hits="1"/>
						<line number="63" hits="1"/>
						<line number="64" hits="1" branch="true" condition-coverage="100% (2/2)"/>
						<line number="65" hits="1"/>
						<line number="67" hits="1" branch="true" condition-coverage="100% (2/2)"/>
						<line number="68" hits="1"/>
						<line number="71" hits="1" branch="true" condition-coverage="100% (2/2)"/>
						<line number="72" hits="1"/>
						<line number="75" hits="1"/>
						<line number="76" hits="1"/>
						<line number="77" hits="1"/>
						<line number="78" hits="1"/>
						<line number="81" hits="1"/>
						<line number="82" hits="1"/>
						<line number="83" hits="1"/>
						<line number="86" hits="1"/>
						<line number="87" hits="1"/>
						<line number="88" hits="0"/>
						<line number="89" hits="0"/>
						<line number="91" hits="1"/>
						<line number="92" hits="1"/>
						<line number="93" hits="0"/>
						<line number="94" hits="0"/>
						<line number="97" hits="1"/>
						<line number="98" hits="1"/>
						<line number="101" hits="1"/>
						<line number="104" hits="1"/>
						<line number="105" hits="1"/>
						<line number="108" hits="1" branch="true" condition-coverage="50% (1/2)" missing-branches="118"/>
						<line number="109" hits="1"/>
						<line number="110" hits="1"/>
						<line number="118" hits="0"/>
						<line number="125" hits="1"/>
						<line number="147" hits="1"/>
						<line number="149" hits="1"/>
						<line number="176" hits="1"/>
						<line number="178" hits="1"/>
						<line number="179" hits="1"/>
						<line number="180" hits="1"/>
						<line number="182" hits="1"/>
						<line number="210" hits="1"/>
						<line number="212" hits="1"/>
						<line number="213" hits="1"/>
						<line number="214" hits="1"/>
						<line number="216" hits="1"/>
					</lines>
				</class>
				<class name="training_monitor.py" filename="backend/training_monitor.py" complexity="0" line-rate="0.9492" branch-rate="0.8095">
					<methods/>
					<lines>
						<line number="38" hits="1"/>
						<line number="39" hits="1"/>
						<line number="40" hits="1"/>
						<line number="41" hits="1"/>
						<line number="42" hits="1"/>
						<line number="43" hits="1"/>
						<line number="44" hits="1"/>
						<line number="46" hits="1"/>
						<line number="49" hits="1"/>
						<line number="57" hits="1"/>
						<line number="59" hits="1"/>
						<line number="60" hits="1"/>
						<line number="61" hits="1"/>
						<line number="62" hits="1"/>
						<line number="63" hits="1"/>
						<line number="64" hits="1"/>
						<line number="65" hits="1"/>
						<line number="66" hits="1"/>
						<line number="67" hits="1"/>
						<line number="69" hits="1"/>
						<line number="89" hits="1"/>
						<line number="90" hits="1" branch="true" condition-coverage="50% (1/2)" missing-branches="96"/>
						<line number="91" hits="1"/>
						<line number="92" hits="1" branch="true" condition-coverage="100% (2/2)"/>
						<line number="93" hits="1"/>
						<line number="94" hits="1" branch="true" condition-coverage="50% (1/2)" missing-branches="96"/>
						<line number="95" hits="1"/>
						<line number="96" hits="1" branch="true" condition-coverage="100% (2/2)"/>
						<line number="97" hits="1"/>
						<line number="98" hits="1" branch="true" condition-coverage="100% (2/2)"/>
						<line number="99" hits="1"/>
						<line number="100" hits="1" branch="true" condition-coverage="100% (2/2)"/>
						<line number="101" hits="1"/>
						<line number="102" hits="1" branch="true" condition-coverage="100% (2/2)"/>
						<line number="103" hits="1"/>
						<line number="104" hits="1" branch="true" condition-coverage="100% (2/2)"/>
						<line number="105" hits="1"/>
						<line number="107" hits="1"/>
						<line number="131" hits="1"/>
						<line number="132" hits="1"/>
						<line number="144" hits="1" branch="true" condition-coverage="100% (2/2)"/>
						<line number="145" hits="1" branch="true" condition-coverage="100% (2/2)"/>
						<line number="146" hits="1"/>
						<line number="147" hits="1"/>
						<line number="148" hits="1"/>
						<line number="150" hits="1"/>
						<line number="160" hits="1"/>
						<line number="161" hits="1"/>
						<line number="162" hits="1"/>
						<line number="164" hits="1"/>
						<line number="171" hits="1"/>
						<line number="172" hits="1" branch="true" condition-coverage="100% (2/2)"/>
						<line number="173" hits="1"/>
						<line number="181" hits="1"/>
						<line number="182" hits="1"/>
						<line number="190" hits="1"/>
						<line number="197" hits="1"/>
						<line number="198" hits="1"/>
						<line number="199" hits="1" branch="true" condition-coverage="100% (2/2)"/>
						<line number="200" hits="1"/>
						<line number="202" hits="1"/>
						<line number="212" hits="1"/>
						<line number="214" hits="1"/>
						<line number="215" hits="1"/>
						<line number="216" hits="1"/>
						<line number="217" hits="1"/>
						<line number="218" hits="1"/>
						<line number="219" hits="1"/>
						<line number="220" hits="1"/>
						<line number="223" hits="1"/>
						<line number="231" hits="1"/>
						<line number="253" hits="1"/>
						<line number="255" hits="1"/>
						<line number="256" hits="1"/>
						<line number="257" hits="1"/>
						<line number="258" hits="1"/>
						<line number="259" hits="1"/>
						<line number="260" hits="1"/>
						<line number="261" hits="1"/>
						<line number="262" hits="1"/>
						<line number="263" hits="1"/>
						<line number="264" hits="1"/>
						<line number="265" hits="1"/>
						<line number="266" hits="1"/>
						<line number="268" hits="1"/>
						<line number="269" hits="1"/>
						<line number="270" hits="1"/>
						<line number="271" hits="1"/>
						<line number="272" hits="1"/>
						<line number="273" hits="1"/>
						<line number="274" hits="1"/>
						<line number="275" hits="1"/>
						<line number="277" hits="1"/>
						<line number="284" hits="1"/>
						<line number="285" hits="1"/>
						<line number="307" hits="1"/>
						<line number="318" hits="1"/>
						<line number="319" hits="1"/>
						<line number="321" hits="1"/>
						<line number="322" hits="1" branch="true" condition-coverage="100% (2/2)"/>
						<line number="323" hits="1" branch="true" condition-coverage="50% (1/2)" missing-branches="324"/>
						<line number="324" hits="0"/>
						<line number="326" hits="1"/>
						<line number="328" hits="1" branch="true" condition-coverage="50% (1/2)" missing-branches="322"/>
						<line number="329" hits="1"/>
						<line number="330" hits="1"/>
						<line number="332" hits="1" branch="true" condition-coverage="100% (2/2)"/>
						<line number="333" hits="1"/>
						<line number="335" hits="1"/>
						<line number="342" hits="1"/>
						<line number="345" hits="1"/>
						<line number="356" hits="1"/>
						<line number="363" hits="1"/>
						<line number="364" hits="1"/>
						<line number="367" hits="1"/>
						<line number="368" hits="1"/>
						<line number="371" hits="1"/>
						<line number="372" hits="1"/>
						<line number="373" hits="1"/>
						<line number="374" hits="1"/>
						<line number="377" hits="1"/>
						<line number="387" hits="1"/>
						<line number="390" hits="1"/>
						<line number="392" hits="1"/>
						<line number="394" hits="1"/>
						<line number="402" hits="1" branch="true" condition-coverage="100% (2/2)"/>
						<line number="403" hits="1"/>
						<line number="404" hits="1"/>
						<line number="406" hits="1"/>
						<line number="408" hits="1"/>
						<line number="416" hits="1" branch="true" condition-coverage="100% (2/2)"/>
						<line number="417" hits="1"/>
						<line number="418" hits="1"/>
						<line number="422" hits="1"/>
						<line number="424" hits="1"/>
						<line number="425" hits="1"/>
						<line number="426" hits="1"/>
						<line number="427" hits="1"/>
						<line number="429" hits="1"/>
						<line number="430" hits="1"/>
						<line number="432" hits="1"/>
						<line number="439" hits="1"/>
						<line number="440" hits="1"/>
						<line number="442" hits="1"/>
						<line number="443" hits="1"/>
						<line number="445" hits="1"/>
						<line number="453" hits="1"/>
						<line number="454" hits="1"/>
						<line number="455" hits="1"/>
						<line number="457" hits="1"/>
						<line number="458" hits="1"/>
						<line number="460" hits="1"/>
						<line number="481" hits="1"/>
						<line number="493" hits="1"/>
						<line number="494" hits="1"/>
						<line number="495" hits="1" branch="true" condition-coverage="100% (2/2)"/>
						<line number="496" hits="1"/>
						<line number="499" hits="1"/>
						<line number="501" hits="1"/>
						<line number="502" hits="1"/>
						<line number="504" hits="1"/>
						<line number="513" hits="1"/>
						<line number="514" hits="1"/>
						<line number="516" hits="1"/>
						<line number="523" hits="1"/>
						<line number="524" hits="1"/>
						<line number="526" hits="1"/>
						<line number="533" hits="1"/>
						<line number="534" hits="1"/>
						<line number="536" hits="1"/>
						<line number="546" hits="1"/>
						<line number="547" hits="1"/>
						<line number="549" hits="1"/>
						<line number="556" hits="1"/>
						<line number="557" hits="1"/>
						<line number="559" hits="1"/>
						<line number="566" hits="1"/>
						<line number="567" hits="1"/>
						<line number="575" hits="1"/>
						<line number="577" hits="1"/>
						<line number="578" hits="1"/>
						<line number="579" hits="1"/>
						<line number="581" hits="1"/>
						<line number="591" hits="1"/>
						<line number="592" hits="1"/>
						<line number="593" hits="1"/>
						<line number="594" hits="1"/>
						<line number="596" hits="1"/>
						<line number="609" hits="0"/>
						<line number="611" hits="0"/>
						<line number="612" hits="0" branch="true" condition-coverage="0% (0/2)" missing-branches="614,617"/>
						<line number="614" hits="0"/>
						<line number="615" hits="0"/>
						<line number="617" hits="0" branch="true" condition-coverage="0% (0/2)" missing-branches="619,622"/>
						<line number="619" hits="0"/>
						<line number="620" hits="0"/>
						<line number="622" hits="0"/>
					</lines>
				</class>
				<class name="training_state_machine.py" filename="backend/training_state_machine.py" complexity="0" line-rate="0.9389" branch-rate="0.8333">
					<methods/>
					<lines>
						<line number="33" hits="1"/>
						<line number="34" hits="1"/>
						<line number="35" hits="1"/>
						<line number="38" hits="1"/>
						<line number="41" hits="1"/>
						<line number="42" hits="1"/>
						<line number="43" hits="1"/>
						<line number="44" hits="1"/>
						<line number="47" hits="1"/>
						<line number="50" hits="1"/>
						<line number="51" hits="1"/>
						<line number="52" hits="1"/>
						<line number="55" hits="1"/>
						<line number="58" hits="1"/>
						<line number="59" hits="1"/>
						<line number="60" hits="1"/>
						<line number="61" hits="1"/>
						<line number="62" hits="1"/>
						<line number="65" hits="1"/>
						<line number="82" hits="1"/>
						<line number="84" hits="1"/>
						<line number="85" hits="1"/>
						<line number="86" hits="1"/>
						<line number="87" hits="1"/>
						<line number="90" hits="1"/>
						<line number="92" hits="1"/>
						<line number="94" hits="1"/>
						<line number="96" hits="1"/>
						<line number="98" hits="1"/>
						<line number="100" hits="1"/>
						<line number="102" hits="1"/>
						<line number="104" hits="1"/>
						<line number="106" hits="1"/>
						<line number="108" hits="1"/>
						<line number="110" hits="1"/>
						<line number="112" hits="1"/>
						<line number="114" hits="1"/>
						<line number="116" hits="1"/>
						<line number="126" hits="1" branch="true" condition-coverage="100% (2/2)"/>
						<line number="127" hits="1"/>
						<line number="128" hits="1" branch="true" condition-coverage="100% (2/2)"/>
						<line number="129" hits="1"/>
						<line number="130" hits="1" branch="true" condition-coverage="100% (2/2)"/>
						<line number="131" hits="1"/>
						<line number="132" hits="1" branch="true" condition-coverage="100% (2/2)"/>
						<line number="133" hits="1"/>
						<line number="134" hits="1" branch="true" condition-coverage="50% (1/2)" missing-branches="137"/>
						<line number="135" hits="1"/>
						<line number="137" hits="0"/>
						<line number="138" hits="0"/>
						<line number="140" hits="1"/>
						<line number="142" hits="1" branch="true" condition-coverage="100% (2/2)"/>
						<line number="143" hits="1"/>
						<line number="144" hits="1" branch="true" condition-coverage="100% (2/2)"/>
						<line number="145" hits="1"/>
						<line number="146" hits="1" branch="true" condition-coverage="50% (1/2)" missing-branches="151"/>
						<line number="148" hits="1"/>
						<line number="149" hits="1"/>
						<line number="151" hits="0"/>
						<line number="153" hits="1"/>
						<line number="155" hits="1"/>
						<line number="156" hits="1"/>
						<line number="157" hits="1"/>
						<line number="158" hits="1"/>
						<line number="159" hits="1"/>
						<line number="160" hits="1"/>
						<line number="162" hits="1"/>
						<line number="164" hits="1" branch="true" condition-coverage="100% (2/2)"/>
						<line number="165" hits="1"/>
[...]
						<line number="572" hits="1"/>
						<line number="573" hits="1"/>
						<line number="574" hits="1"/>
						<line number="576" hits="1"/>
						<line number="580" hits="1" branch="true" condition-coverage="100% (2/2)"/>
						<line number="581" hits="1"/>
						<line number="582" hits="1"/>
						<line number="584" hits="1" branch="true" condition-coverage="100% (2/2)"/>
						<line number="585" hits="1"/>
						<line number="587" hits="1"/>
						<line number="595" hits="1"/>
						<line number="597" hits="1"/>
						<line number="598" hits="1"/>
						<line number="599" hits="1"/>
						<line number="612" hits="1"/>
						<line number="614" hits="1"/>
						<line number="625" hits="1"/>
						<line number="626" hits="1"/>
						<line number="627" hits="1"/>
						<line number="629" hits="1" branch="true" condition-coverage="100% (2/2)"/>
						<line number="630" hits="1"/>
						<line number="631" hits="1"/>
						<line number="632" hits="1"/>
						<line number="634" hits="1" branch="true" condition-coverage="100% (2/2)"/>
						<line number="635" hits="1"/>
						<line number="637" hits="1"/>
						<line number="639" hits="1"/>
						<line number="641" hits="1"/>
						<line number="655" hits="1"/>
						<line number="656" hits="1"/>
						<line number="658" hits="1" branch="true" condition-coverage="100% (2/2)"/>
						<line number="659" hits="1" branch="true" condition-coverage="100% (2/2)"/>
						<line number="661" hits="1" branch="true" condition-coverage="100% (2/2)"/>
						<line number="662" hits="1"/>
						<line number="673" hits="1"/>
						<line number="674" hits="1"/>
						<line number="677" hits="1" branch="true" condition-coverage="50% (1/2)" missing-branches="678"/>
						<line number="678" hits="0"/>
						<line number="691" hits="1" branch="true" condition-coverage="100% (2/2)"/>
						<line number="692" hits="1"/>
						<line number="693" hits="1"/>
						<line number="695" hits="1" branch="true" condition-coverage="100% (2/2)"/>
						<line number="696" hits="1"/>
						<line number="698" hits="1"/>
						<line number="707" hits="1"/>
						<line number="708" hits="1"/>
						<line number="721" hits="1"/>
						<line number="723" hits="1"/>
						<line number="733" hits="1"/>
						<line number="735" hits="1"/>
						<line number="736" hits="1"/>
						<line number="738" hits="1"/>
						<line number="748" hits="1"/>
						<line number="757" hits="1"/>
						<line number="759" hits="1"/>
						<line number="769" hits="1"/>
						<line number="778" hits="1" branch="true" condition-coverage="100% (2/2)"/>
						<line number="779" hits="1"/>
						<line number="780" hits="1" branch="true" condition-coverage="100% (2/2)"/>
						<line number="781" hits="1"/>
						<line number="782" hits="1"/>
						<line number="783" hits="1" branch="true" condition-coverage="100% (2/2)"/>
						<line number="784" hits="1"/>
						<line number="786" hits="1"/>
						<line number="788" hits="1"/>
						<line number="790" hits="1"/>
						<line number="797" hits="1"/>
						<line number="800" hits="1" branch="true" condition-coverage="100% (2/2)"/>
						<line number="801" hits="1"/>
						<line number="803" hits="1"/>
						<line number="805" hits="1"/>
						<line number="806" hits="1"/>
						<line number="808" hits="1"/>
						<line number="815" hits="1"/>
						<line number="817" hits="1"/>
						<line number="827" hits="1"/>
						<line number="828" hits="1"/>
						<line number="829" hits="1"/>
						<line number="830" hits="1"/>
						<line number="831" hits="1"/>
						<line number="832" hits="1"/>
						<line number="833" hits="1"/>
						<line number="834" hits="1"/>
						<line number="837" hits="1"/>
						<line number="838" hits="1" branch="true" condition-coverage="100% (2/2)"/>
						<line number="839" hits="1"/>
						<line number="848" hits="1" branch="true" condition-coverage="100% (2/2)"/>
						<line number="849" hits="1"/>
						<line number="859" hits="1"/>
						<line number="912" hits="1"/>
						<line number="939" hits="1"/>
						<line number="947" hits="1"/>
						<line number="970" hits="1"/>
						<line number="980" hits="1"/>
						<line number="990" hits="1"/>
						<line number="993" hits="1"/>
						<line number="994" hits="1"/>
						<line number="996" hits="1"/>
						<line number="1025" hits="1"/>
						<line number="1026" hits="1" branch="true" condition-coverage="100% (2/2)"/>
						<line number="1027" hits="1" branch="true" condition-coverage="100% (2/2)"/>
						<line number="1028" hits="1"/>
						<line number="1035" hits="1"/>
						<line number="1044" hits="1"/>
					</lines>
				</class>
				<class name="network_visualizer.py" filename="frontend/components/network_visualizer.py" complexity="0" line-rate="0.8806" branch-rate="0.8409">
					<methods/>
					<lines>
						<line number="38" hits="1"/>
						<line number="40" hits="1"/>
						<line number="41" hits="1"/>
						<line number="42" hits="1"/>
						<line number="43" hits="1"/>
						<line number="45" hits="1"/>
						<line number="50" hits="1"/>
						<line number="62" hits="1"/>
						<line number="70" hits="1"/>
						<line number="73" hits="1"/>
						<line number="74" hits="1"/>
						<line number="77" hits="1"/>
						<line number="84" hits="1"/>
						<line number="86" hits="1"/>
						<line number="93" hits="1"/>
						<line number="176" hits="1"/>
						<line number="184" hits="1"/>
						<line number="200" hits="1"/>
						<line number="219" hits="0" branch="true" condition-coverage="0% (0/2)" missing-branches="221,225"/>
						<line number="221" hits="0"/>
						<line number="222" hits="0"/>
						<line number="225" hits="0"/>
						<line number="226" hits="0" branch="true" condition-coverage="0% (0/2)" missing-branches="227,233"/>
						<line number="227" hits="0"/>
						<line number="228" hits="0"/>
						<line number="229" hits="0" branch="true" condition-coverage="0% (0/2)" missing-branches="230,233"/>
						<line number="230" hits="0"/>
						<line number="233" hits="0"/>
						<line number="234" hits="0"/>
						<line number="237" hits="0"/>
						<line number="238" hits="0"/>
						<line number="239" hits="0"/>
						<line number="240" hits="0"/>
						<line number="242" hits="0"/>
						<line number="244" hits="1"/>
						<line number="246" hits="1"/>
						<line number="268" hits="1"/>
						<line number="271" hits="1"/>
						<line number="272" hits="1"/>
						<line number="273" hits="1"/>
						<line number="276" hits="1" branch="true" condition-coverage="100% (2/2)"/>
						<line number="277" hits="1"/>
						<line number="280" hits="1" branch="true" condition-coverage="100% (2/2)"/>
						<line number="281" hits="1"/>
						<line number="284" hits="1" branch="true" condition-coverage="100% (2/2)"/>
						<line number="285" hits="1"/>
						<line number="288" hits="1"/>
						<line number="289" hits="1" branch="true" condition-coverage="100% (2/2)"/>
						<line number="290" hits="1"/>
						<line number="291" hits="1"/>
						<line number="292" hits="1"/>
						<line number="294" hits="1" branch="true" condition-coverage="100% (2/2)"/>
						<line number="295" hits="1"/>
						<line number="298" hits="1"/>
						<line number="301" hits="1"/>
						<line number="304" hits="1"/>
						<line number="307" hits="1"/>
						<line number="310" hits="1" branch="true" condition-coverage="100% (2/2)"/>
						<line number="311" hits="1"/>
						<line number="312" hits="1" branch="true" condition-coverage="50% (1/2)" missing-branches="333"/>
						<line number="313" hits="1"/>
						<line number="315" hits="1"/>
						<line number="333" hits="1"/>
						<line number="334" hits="1"/>
						<line number="349" hits="1"/>
						<line number="351" hits="1"/>
						<line number="367" hits="1" branch="true" condition-coverage="100% (2/2)"/>
						<line number="368" hits="1"/>
						<line number="370" hits="1" branch="true" condition-coverage="100% (2/2)"/>
						<line number="372" hits="1"/>
						<line number="375" hits="1" branch="true" condition-coverage="100% (2/2)"/>
						<line number="376" hits="1"/>
						<line number="377" hits="1"/>
						<line number="380" hits="1" branch="true" condition-coverage="100% (2/2)"/>
						<line number="381" hits="1"/>
						<line number="382" hits="1"/>
						<line number="385" hits="1" branch="true" condition-coverage="100% (2/2)"/>
						<line number="386" hits="1"/>
						<line number="387" hits="1"/>
						<line number="389" hits="1" branch="true" condition-coverage="100% (2/2)"/>
						<line number="391" hits="1"/>
						<line number="393" hits="1" branch="true" condition-coverage="100% (2/2)"/>
						<line number="394" hits="1"/>
						<line number="398" hits="1"/>
						<line number="400" hits="1"/>
						<line number="402" hits="1"/>
						<line number="416" hits="1"/>
						<line number="419" hits="1" branch="true" condition-coverage="100% (2/2)"/>
						<line number="420" hits="1"/>
						<line number="421" hits="1"/>
						<line number="423" hits="1"/>
						<line number="424" hits="1"/>
						<line number="427" hits="1"/>
						<line number="430" hits="1"/>
						<line number="432" hits="1"/>
						<line number="441" hits="1"/>
						<line number="444" hits="1" branch="true" condition-coverage="100% (2/2)"/>
						<line number="445" hits="1"/>
						<line number="446" hits="1"/>
						<line number="448" hits="1"/>
						<line number="457" hits="1"/>
						<line number="459" hits="1"/>
						<line number="461" hits="1"/>
						<line number="473" hits="1"/>
						<line number="474" hits="1"/>
						<line number="475" hits="1"/>
						<line number="477" hits="1"/>
						<line number="480" hits="1" branch="true" condition-coverage="100% (2/2)"/>
						<line number="481" hits="1"/>
						<line number="482" hits="1"/>
						<line number="485" hits="1" branch="true" condition-coverage="100% (2/2)"/>
						<line number="486" hits="1"/>
						<line number="487" hits="1"/>
						<line number="490" hits="1" branch="true" condition-coverage="100% (2/2)"/>
						<line number="491" hits="1"/>
						<line number="492" hits="1"/>
						<line number="494" hits="1"/>
						<line number="496" hits="1"/>
						<line number="511" hits="1"/>
						<line number="512" hits="1"/>
						<line number="513" hits="1"/>
						<line number="515" hits="1"/>
						<line number="528" hits="1"/>
						<line number="538" hits="1"/>
						<line number="540" hits="1"/>
						<line number="541" hits="1"/>
						<line number="543" hits="1"/>
						<line number="553" hits="1"/>
						<line number="562" hits="1"/>
						<line number="564" hits="1"/>
						<line number="571" hits="1"/>
						<line number="572" hits="1"/>
						<line number="574" hits="1"/>
						<line number="581" hits="1"/>
					</lines>
				</class>
				<class name="training_metrics.py" filename="frontend/components/training_metrics.py" complexity="0" line-rate="1" branch-rate="1">
					<methods/>
					<lines>
						<line number="35" hits="1"/>
						<line number="36" hits="1"/>
						<line number="38" hits="1"/>
						<line number="39" hits="1"/>
						<line number="42" hits="1"/>
						<line number="43" hits="1"/>
						<line number="44" hits="1"/>
						<line number="45" hits="1"/>
						<line number="46" hits="1"/>
						<line number="48" hits="1"/>
						<line number="50" hits="1"/>
						<line number="51" hits="1"/>
						<line number="52" hits="1"/>
						<line number="54" hits="1"/>
						<line number="58" hits="1"/>
						<line number="60" hits="1"/>
						<line number="62" hits="1"/>
						<line number="63" hits="1"/>
						<line number="66" hits="1"/>
						<line number="67" hits="1"/>
						<line number="69" hits="1"/>
						<line number="73" hits="1"/>
						<line number="75" hits="1"/>
					</lines>
				</class>
			</classes>
		</package>
		<package name="logger" line-rate="0.971" branch-rate="0.75" complexity="0">
			<classes>
				<class name="logger.py" filename="logger/logger.py" complexity="0" line-rate="0.971" branch-rate="0.75">
					<methods/>
					<lines>
						<line number="56" hits="1"/>
						<line number="57" hits="1"/>
						<line number="58" hits="1"/>
						<line number="59" hits="1"/>
						<line number="60" hits="1"/>
						<line number="61" hits="1"/>
						<line number="62" hits="1"/>
						<line number="65" hits="1"/>
						<line number="68" hits="1"/>
						<line number="71" hits="1"/>
						<line number="73" hits="1"/>
						<line number="74" hits="1"/>
						<line number="75" hits="1"/>
						<line number="78" hits="1"/>
						<line number="81" hits="1"/>
						<line number="84" hits="1"/>
						<line number="85" hits="1"/>
						<line number="97" hits="1"/>
						<line number="98" hits="1"/>
						<line number="108" hits="1"/>
						<line number="111" hits="1"/>
						<line number="122" hits="1"/>
						<line number="124" hits="1"/>
						<line number="125" hits="1"/>
						<line number="128" hits="1"/>
						<line number="130" hits="1"/>
						<line number="133" hits="1"/>
						<line number="136" hits="1"/>
						<line number="138" hits="1"/>
						<line number="150" hits="1" branch="true" condition-coverage="100% (2/2)"/>
						<line number="151" hits="1"/>
						<line number="153" hits="1"/>
						<line number="156" hits="1"/>
						<line number="163" hits="1"/>
						<line number="164" hits="1"/>
						<line number="165" hits="1"/>
						<line number="166" hits="1"/>
						<line number="167" hits="1"/>
						<line number="168" hits="1"/>
						<line number="169" hits="1"/>
						<line number="170" hits="1"/>
						<line number="172" hits="1"/>
						<line number="180" hits="1"/>
						<line number="181" hits="1"/>
						<line number="182" hits="1"/>
						<line number="183" hits="1"/>
						<line number="184" hits="1"/>
						<line number="187" hits="1"/>
						<line number="188" hits="1"/>
						<line number="189" hits="1"/>
						<line number="190" hits="1"/>
						<line number="191" hits="1"/>
						<line number="192" hits="1"/>
						<line number="193" hits="1"/>
						<line number="194" hits="1"/>
						<line number="197" hits="1"/>
						<line number="198" hits="1"/>
						<line number="201" hits="1" branch="true" condition-coverage="100% (2/2)"/>
						<line number="202" hits="1"/>
						<line number="204" hits="1"/>
						<line number="207" hits="1" branch="true" condition-coverage="50% (1/2)" missing-branches="230"/>
						<line number="208" hits="1"/>
						<line number="209" hits="1"/>
						<line number="211" hits="1" branch="true" condition-coverage="50% (1/2)" missing-branches="219"/>
						<line number="212" hits="1"/>
						<line number="219" hits="0"/>
						<line number="226" hits="1"/>
						<line number="227" hits="1"/>
						<line number="230" hits="1" branch="true" condition-coverage="50% (1/2)" missing-branches="exit"/>
						<line number="231" hits="1"/>
						<line number="233" hits="1"/>
						<line number="235" hits="1"/>
						<line number="238" hits="1"/>
						<line number="239" hits="1"/>
						<line number="240" hits="1"/>
						<line number="242" hits="1"/>
						<line number="243" hits="1"/>
						<line number="245" hits="1"/>
						<line number="256" hits="1"/>
						<line number="257" hits="1"/>
						<line number="259" hits="1"/>
						<line number="262" hits="1"/>
						<line number="267" hits="1"/>
						<line number="270" hits="1"/>
						<line number="272" hits="1"/>
						<line number="274" hits="1"/>
						<line number="276" hits="1"/>
						<line number="278" hits="1"/>
						<line number="280" hits="1"/>
						<line number="282" hits="1" branch="true" condition-coverage="100% (2/2)"/>
						<line number="283" hits="1"/>
						<line number="284" hits="1"/>
						<line number="286" hits="1"/>
						<line number="288" hits="1"/>
						<line number="290" hits="1"/>
						<line number="292" hits="1"/>
						<line number="294" hits="1"/>
						<line number="296" hits="1"/>
						<line number="298" hits="1"/>
						<line number="300" hits="1"/>
						<line number="302" hits="0"/>
						<line number="304" hits="1"/>
						<line number="306" hits="1"/>
						<line number="308" hits="1"/>
						<line number="309" hits="1"/>
						<line number="312" hits="1"/>
						<line number="314" hits="1"/>
						<line number="317" hits="1"/>
						<line number="318" hits="1"/>
						<line number="321" hits="1"/>
						<line number="323" hits="1"/>
						<line number="324" hits="1"/>
						<line number="327" hits="1"/>
						<line number="330" hits="1"/>
						<line number="333" hits="1"/>
						<line number="334" hits="1"/>
						<line number="336" hits="1"/>
						<line number="338" hits="1"/>
						<line number="342" hits="1"/>
						<line number="344" hits="1"/>
						<line number="345" hits="1"/>
						<line number="347" hits="1"/>
						<line number="349" hits="1"/>
						<line number="353" hits="1"/>
						<line number="355" hits="1"/>
						<line number="363" hits="1"/>
						<line number="366" hits="1"/>
						<line number="367" hits="1"/>
						<line number="369" hits="1"/>
						<line number="371" hits="1"/>
						<line number="379" hits="1"/>
						<line number="381" hits="1"/>
						<line number="389" hits="1"/>
						<line number="391" hits="1"/>
						<line number="399" hits="1"/>
						<line number="402" hits="1"/>
						<line number="403" hits="1"/>
						<line number="405" hits="1"/>
						<line number="407" hits="1"/>
						<line number="411" hits="1"/>
						<line number="413" hits="1"/>
						<line number="417" hits="1"/>
						<line number="419" hits="1"/>
						<line number="426" hits="1"/>
						<line number="428" hits="1"/>
						<line number="436" hits="1"/>
						<line number="439" hits="1"/>
						<line number="440" hits="1"/>
						<line number="442" hits="1"/>
						<line number="443" hits="1"/>
						<line number="445" hits="1"/>
						<line number="446" hits="1"/>
						<line number="448" hits="1"/>
						<line number="449" hits="1"/>
						<line number="450" hits="1"/>
						<line number="451" hits="1"/>
						<line number="468" hits="1"/>
						<line number="470" hits="1"/>
						<line number="471" hits="1"/>
						<line number="472" hits="1"/>
						<line number="474" hits="1"/>
						<line number="484" hits="1"/>
						<line number="487" hits="1"/>
						<line number="488" hits="1"/>
						<line number="489" hits="1"/>
						<line number="491" hits="1"/>
						<line number="493" hits="1" branch="true" condition-coverage="100% (2/2)"/>
						<line number="495" hits="1"/>
						<line number="497" hits="1"/>
						<line number="498" hits="1"/>
						<line number="499" hits="1"/>
						<line number="500" hits="0"/>
						<line number="502" hits="0"/>
						<line number="505" hits="1" branch="true" condition-coverage="50% (1/2)" missing-branches="506"/>
						<line number="506" hits="0"/>
						<line number="510" hits="0"/>
						<line number="512" hits="1"/>
						<line number="514" hits="1"/>
						<line number="516" hits="1"/>
						<line number="539" hits="1"/>
						<line number="541" hits="1"/>
						<line number="542" hits="1"/>
						<line number="544" hits="1"/>
						<line number="553" hits="1"/>
						<line number="556" hits="1"/>
						<line number="557" hits="1"/>
						<line number="559" hits="1"/>
						<line number="561" hits="1"/>
						<line number="562" hits="1"/>
						<line number="569" hits="1"/>
						<line number="571" hits="1"/>
						<line number="572" hits="1"/>
						<line number="579" hits="1"/>
						<line number="581" hits="1"/>
						<line number="582" hits="1"/>
						<line number="589" hits="1"/>
						<line number="591" hits="1"/>
						<line number="592" hits="1"/>
						<line number="602" hits="1"/>
						<line number="606" hits="1"/>
						<line number="608" hits="1"/>
						<line number="611" hits="1"/>
						<line number="613" hits="1"/>
						<line number="616" hits="1"/>
						<line number="618" hits="1"/>
						<line number="621" hits="1"/>
						<line number="623" hits="1"/>
					</lines>
				</class>
			</classes>
		</package>
	</packages>
</coverage>
