<?xml version="1.0" encoding="utf-8"?><testsuites name="pytest tests"><testsuite name="pytest" errors="0" failures="0" skipped="36" tests="2351" time="114.324" timestamp="2026-01-09T03:46:15.727691-06:00" hostname="yamaguchi"><testcase classname="src.tests.integration.backend.test_cascor_integration_monitoring.TestCascorIntegrationMonitoring" name="test_start_monitoring_thread_success" time="0.162" /><testcase classname="src.tests.integration.backend.test_cascor_integration_monitoring.TestCascorIntegrationMonitoring" name="test_start_monitoring_thread_idempotent" time="0.103" /><testcase classname="src.tests.integration.backend.test_cascor_integration_monitoring.TestCascorIntegrationMonitoring" name="test_stop_monitoring_success" time="0.105" /><testcase classname="src.tests.integration.backend.test_cascor_integration_monitoring.TestCascorIntegrationMonitoring" name="test_stop_monitoring_idempotent" time="0.002" /><testcase classname="src.tests.integration.backend.test_cascor_integration_monitoring.TestCascorIntegrationMonitoring" name="test_extract_current_metrics_with_history" time="0.002" /><testcase classname="src.tests.integration.backend.test_cascor_integration_monitoring.TestCascorIntegrationMonitoring" name="test_extract_current_metrics_empty_history" time="0.002" /><testcase classname="src.tests.integration.backend.test_cascor_integration_monitoring.TestCascorIntegrationMonitoring" name="test_extract_current_metrics_no_network" time="0.002" /><testcase classname="src.tests.integration.backend.test_cascor_integration_monitoring.TestCascorIntegrationMonitoring" name="test_extract_current_metrics_network_without_history" time="0.002" /><testcase classname="src.tests.integration.backend.test_cascor_integration_monitoring.TestCascorIntegrationMonitoring" name="test_broadcast_message_calls_websocket" time="0.002" /><testcase classname="src.tests.integration.backend.test_cascor_integration_monitoring.TestCascorIntegrationMonitoring" name="test_broadcast_message_handles_exception" time="0.003" /><testcase classname="src.tests.integration.backend.test_cascor_integration_monitoring.TestCascorIntegrationMonitoring" name="test_monitoring_loop_broadcasts_metrics" time="0.203" /><testcase classname="src.tests.integration.backend.test_cascor_integration_monitoring.TestCascorIntegrationMonitoring" name="test_monitoring_loop_handles_exceptions" time="0.204" /><testcase classname="src.tests.integration.backend.test_cascor_integration_monitoring.TestCascorIntegrationMonitoring" name="test_monitoring_loop_stops_when_network_removed" time="0.303" /><testcase classname="src.tests.integration.backend.test_cascor_integration_monitoring.TestCascorIntegrationMonitoring" name="test_monitoring_thread_custom_interval" time="0.253" /><testcase classname="src.tests.integration.backend.test_cascor_integration_paths.TestCascorIntegrationPaths" name="test_resolve_backend_path_with_explicit_path" time="0.015" /><testcase classname="src.tests.integration.backend.test_cascor_integration_paths.TestCascorIntegrationPaths" name="test_resolve_backend_path_with_env_variable" time="0.006" /><testcase classname="src.tests.integration.backend.test_cascor_integration_paths.TestCascorIntegrationPaths" name="test_resolve_backend_path_with_tilde_expansion" time="0.007" /><testcase classname="src.tests.integration.backend.test_cascor_integration_paths.TestCascorIntegrationPaths" name="test_resolve_backend_path_with_env_var_expansion" time="0.005" /><testcase classname="src.tests.integration.backend.test_cascor_integration_paths.TestCascorIntegrationPaths" name="test_resolve_backend_path_missing_raises_error" time="0.003" /><testcase classname="src.tests.integration.backend.test_cascor_integration_paths.TestCascorIntegrationPaths" name="test_resolve_backend_path_from_config" time="0.004" /><testcase classname="src.tests.integration.backend.test_cascor_integration_paths.TestCascorIntegrationPaths" name="test_resolve_backend_path_config_fallback_to_default" time="0.003" /><testcase classname="src.tests.integration.backend.test_cascor_integration_paths.TestCascorIntegrationPaths" name="test_add_backend_to_path_success" time="0.003" /><testcase classname="src.tests.integration.backend.test_cascor_integration_paths.TestCascorIntegrationPaths" name="test_add_backend_to_path_missing_src_raises_error" time="0.002" /><testcase classname="src.tests.integration.backend.test_cascor_integration_paths.TestCascorIntegrationPaths" name="test_add_backend_to_path_idempotent" time="0.003" /><testcase classname="src.tests.integration.backend.test_cascor_integration_paths.TestCascorIntegrationPaths" name="test_import_backend_modules_missing_raises_error" time="0.006" /><testcase classname="src.tests.integration.backend.test_cascor_integration_paths.TestCascorIntegrationPaths" name="test_import_backend_modules_success" time="0.005" /><testcase classname="src.tests.integration.backend.test_cascor_integration_paths.TestCascorIntegrationPaths" name="test_import_backend_modules_without_training_results" time="0.003" /><testcase classname="src.tests.integration.backend.test_cascor_integration_topology.TestCascorIntegrationTopology" name="test_get_network_topology_happy_path" time="0.008" /><testcase classname="src.tests.integration.backend.test_cascor_integration_topology.TestCascorIntegrationTopology" name="test_get_network_topology_multiple_hidden_units" time="0.003" /><testcase classname="src.tests.integration.backend.test_cascor_integration_topology.TestCascorIntegrationTopology" name="test_get_network_topology_activation_function_names" time="0.003" /><testcase classname="src.tests.integration.backend.test_cascor_integration_topology.TestCascorIntegrationTopology" name="test_get_network_topology_missing_activation_defaults_to_sigmoid" time="0.001" /><testcase classname="src.tests.integration.backend.test_cascor_integration_topology.TestCascorIntegrationTopology" name="test_get_network_topology_no_network_returns_none" time="0.001" /><testcase classname="src.tests.integration.backend.test_cascor_integration_topology.TestCascorIntegrationTopology" name="test_get_network_topology_handles_exception" time="0.005" /><testcase classname="src.tests.integration.backend.test_cascor_integration_topology.TestCascorIntegrationTopology" name="test_get_network_topology_tensor_serialization" time="0.003" /><testcase classname="src.tests.integration.backend.test_cascor_integration_topology.TestCascorIntegrationTopology" name="test_get_network_topology_thread_safe" time="0.007" /><testcase classname="src.tests.integration.backend.test_cascor_integration_topology.TestCascorIntegrationTopology" name="test_get_network_topology_empty_hidden_units" time="0.003" /><testcase classname="src.tests.integration.backend.test_cascor_integration_topology.TestCascorIntegrationTopology" name="test_extract_network_topology_alias" time="0.002" /><testcase classname="src.tests.integration.backend.test_cascor_integration_topology.TestCascorIntegrationTopology" name="test_get_network_topology_with_malformed_unit" time="0.003" /><testcase classname="src.tests.integration.backend.test_cascor_integration_topology.TestCascorIntegrationTopology" name="test_get_network_topology_gpu_tensors" time="0.002"><skipped type="pytest.skip" message="CUDA not available">/home/pcalnon/Development/python/JuniperCanopy/juniper_canopy/src/tests/integration/backend/test_cascor_integration_topology.py:301: CUDA not available</skipped></testcase><testcase classname="src.tests.integration.backend.test_training_monitor.TestTrainingMonitor" name="test_initialization" time="0.001" /><testcase classname="src.tests.integration.backend.test_training_monitor.TestTrainingMonitor" name="test_register_callback_valid_event" time="0.022" /><testcase classname="src.tests.integration.backend.test_training_monitor.TestTrainingMonitor" name="test_register_callback_multiple_callbacks" time="0.002" /><testcase classname="src.tests.integration.backend.test_training_monitor.TestTrainingMonitor" name="test_register_callback_unknown_event_type" time="0.002" /><testcase classname="src.tests.integration.backend.test_training_monitor.TestTrainingMonitor" name="test_on_training_start" time="0.003" /><testcase classname="src.tests.integration.backend.test_training_monitor.TestTrainingMonitor" name="test_on_training_start_clears_buffer" time="0.001" /><testcase classname="src.tests.integration.backend.test_training_monitor.TestTrainingMonitor" name="test_on_training_end" time="0.001" /><testcase classname="src.tests.integration.backend.test_training_monitor.TestTrainingMonitor" name="test_on_epoch_start" time="0.002" /><testcase classname="src.tests.integration.backend.test_training_monitor.TestTrainingMonitor" name="test_on_epoch_start_default_phase" time="0.001" /><testcase classname="src.tests.integration.backend.test_training_monitor.TestTrainingMonitor" name="test_on_epoch_end" time="0.005" /><testcase classname="src.tests.integration.backend.test_training_monitor.TestTrainingMonitor" name="test_on_epoch_end_adds_to_queue" time="0.001" /><testcase classname="src.tests.integration.backend.test_training_monitor.TestTrainingMonitor" name="test_on_epoch_end_respects_max_buffer_size" time="0.001" /><testcase classname="src.tests.integration.backend.test_training_monitor.TestTrainingMonitor" name="test_on_cascade_add" time="0.002" /><testcase classname="src.tests.integration.backend.test_training_monitor.TestTrainingMonitor" name="test_on_cascade_add_multiple_units" time="0.001" /><testcase classname="src.tests.integration.backend.test_training_monitor.TestTrainingMonitor" name="test_on_topology_change" time="0.003" /><testcase classname="src.tests.integration.backend.test_training_monitor.TestTrainingMonitor" name="test_get_recent_metrics" time="0.002" /><testcase classname="src.tests.integration.backend.test_training_monitor.TestTrainingMonitor" name="test_get_recent_metrics_fewer_than_count" time="0.002" /><testcase classname="src.tests.integration.backend.test_training_monitor.TestTrainingMonitor" name="test_get_all_metrics" time="0.001" /><testcase classname="src.tests.integration.backend.test_training_monitor.TestTrainingMonitor" name="test_get_current_state" time="0.001" /><testcase classname="src.tests.integration.backend.test_training_monitor.TestTrainingMonitor" name="test_clear_metrics" time="0.001" /><testcase classname="src.tests.integration.backend.test_training_monitor.TestTrainingMonitor" name="test_poll_metrics_queue_success" time="0.001" /><testcase classname="src.tests.integration.backend.test_training_monitor.TestTrainingMonitor" name="test_poll_metrics_queue_empty_returns_none" time="0.102" /><testcase classname="src.tests.integration.backend.test_training_monitor.TestTrainingMonitor" name="test_thread_safety_concurrent_epoch_end" time="0.003" /><testcase classname="src.tests.integration.backend.test_training_monitor.TestTrainingMonitor" name="test_trigger_callbacks_handles_exceptions" time="0.002" /><testcase classname="src.tests.integration.backend.test_training_monitor.TestTrainingMonitor" name="test_metrics_buffer_bounded" time="0.011" /><testcase classname="src.tests.integration.test_api_contracts.TestAPIContracts" name="test_metrics_history_returns_dict_with_history_key" time="0.228" /><testcase classname="src.tests.integration.test_api_contracts.TestAPIContracts" name="test_metrics_history_items_have_required_fields" time="0.002" /><testcase classname="src.tests.integration.test_api_contracts.TestAPIContracts" name="test_metrics_history_respects_limit_param" time="0.002" /><testcase classname="src.tests.integration.test_api_contracts.TestAPIContracts" name="test_topology_returns_dict_with_connections" time="0.010" /><testcase classname="src.tests.integration.test_api_contracts.TestAPIContracts" name="test_topology_nodes_have_required_fields" time="0.002" /><testcase classname="src.tests.integration.test_api_contracts.TestAPIContracts" name="test_topology_connections_have_required_fields" time="0.003" /><testcase classname="src.tests.integration.test_api_contracts.TestAPIContracts" name="test_dataset_returns_inputs_and_targets" time="0.007" /><testcase classname="src.tests.integration.test_api_contracts.TestAPIContracts" name="test_dataset_inputs_targets_same_length" time="0.005" /><testcase classname="src.tests.integration.test_api_contracts.TestAPIContracts" name="test_current_metrics_returns_dict" time="0.012" /><testcase classname="src.tests.integration.test_api_contracts.TestAPIContracts" name="test_current_metrics_has_standard_fields" time="0.002" /><testcase classname="src.tests.integration.test_api_contracts.TestAPIContracts" name="test_decision_boundary_returns_grid_and_predictions" time="0.095" /><testcase classname="src.tests.integration.test_api_contracts.TestAPIContracts" name="test_all_endpoints_return_json" time="0.080" /><testcase classname="src.tests.integration.test_api_contracts.TestAPIContracts" name="test_metric_names_use_snake_case" time="0.003" /><testcase classname="src.tests.integration.test_api_contracts.TestErrorResponses" name="test_invalid_limit_returns_422" time="0.002" /><testcase classname="src.tests.integration.test_api_contracts.TestErrorResponses" name="test_negative_limit_handled_gracefully" time="0.018" /><testcase classname="src.tests.integration.test_api_state_endpoint.TestStateEndpoint" name="test_state_endpoint_exists" time="0.006" /><testcase classname="src.tests.integration.test_api_state_endpoint.TestStateEndpoint" name="test_state_endpoint_returns_json" time="0.004" /><testcase classname="src.tests.integration.test_api_state_endpoint.TestStateEndpoint" name="test_state_endpoint_has_required_fields" time="0.004" /><testcase classname="src.tests.integration.test_api_state_endpoint.TestStateEndpoint" name="test_state_endpoint_field_types" time="0.003" /><testcase classname="src.tests.integration.test_api_state_endpoint.TestStateEndpoint" name="test_state_endpoint_default_values" time="0.004" /><testcase classname="src.tests.integration.test_api_state_endpoint.TestStateEndpoint" name="test_state_endpoint_timestamp_is_recent" time="0.004" /><testcase classname="src.tests.integration.test_api_state_endpoint.TestStateEndpoint" name="test_state_endpoint_multiple_calls" time="0.017" /><testcase classname="src.tests.integration.test_api_state_endpoint.TestStateEndpointWithDemoMode" name="test_state_reflects_demo_mode_when_active" time="0.004" /><testcase classname="src.tests.integration.test_api_state_endpoint.TestStateEndpointWithDemoMode" name="test_state_consistency_across_calls" time="0.009" /><testcase classname="src.tests.integration.test_apply_button_parameters.TestApplyButtonParameterKeys" name="test_training_state_accepts_max_epochs" time="0.001" /><testcase classname="src.tests.integration.test_apply_button_parameters.TestApplyButtonParameterKeys" name="test_training_state_accepts_all_params" time="0.001" /><testcase classname="src.tests.integration.test_apply_button_parameters.TestApplyButtonParameterKeys" name="test_demo_mode_apply_params_all_fields" time="0.036" /><testcase classname="src.tests.integration.test_apply_button_parameters.TestApplyButtonApiIntegration" name="test_set_params_endpoint_updates_training_state" time="0.015" /><testcase classname="src.tests.integration.test_apply_button_parameters.TestApplyButtonApiIntegration" name="test_set_params_rejects_empty_params" time="0.004" /><testcase classname="src.tests.integration.test_apply_button_parameters.TestApplyButtonApiIntegration" name="test_api_state_returns_max_epochs" time="0.004" /><testcase classname="src.tests.integration.test_apply_button_parameters.TestApplyButtonApiIntegration" name="test_set_params_partial_update" time="0.005" /><testcase classname="src.tests.integration.test_apply_button_parameters.TestApplyButtonDashboardIntegration" name="test_apply_handler_uses_correct_keys" time="0.152" /><testcase classname="src.tests.integration.test_apply_button_parameters.TestApplyButtonDashboardIntegration" name="test_track_param_changes_uses_correct_keys" time="0.126" /><testcase classname="src.tests.integration.test_apply_button_parameters.TestApplyButtonDashboardIntegration" name="test_track_param_changes_float_tolerance" time="0.096" /><testcase classname="src.tests.integration.test_apply_button_parameters.TestApplyButtonDashboardIntegration" name="test_track_param_changes_learning_rate_actual_change" time="0.114" /><testcase classname="src.tests.integration.test_apply_button_parameters.TestApplyButtonDashboardIntegration" name="test_init_applied_params_uses_correct_keys" time="0.213" /><testcase classname="src.tests.integration.test_apply_button_parameters.TestLearningRateApplyButtonP012" name="test_learning_rate_apply_via_api" time="0.002" /><testcase classname="src.tests.integration.test_apply_button_parameters.TestLearningRateApplyButtonP012" name="test_learning_rate_persists_after_apply" time="0.004" /><testcase classname="src.tests.integration.test_apply_button_parameters.TestLearningRateApplyButtonP012" name="test_learning_rate_multiple_updates" time="0.018" /><testcase classname="src.tests.integration.test_apply_button_parameters.TestLearningRateApplyButtonP012" name="test_learning_rate_with_other_params" time="0.003" /><testcase classname="src.tests.integration.test_apply_button_parameters.TestLearningRateApplyButtonP012" name="test_learning_rate_small_values" time="0.019" /><testcase classname="src.tests.integration.test_apply_button_parameters.TestLearningRateApplyButtonP012" name="test_learning_rate_handler_uses_correct_payload" time="0.089" /><testcase classname="src.tests.integration.test_apply_button_parameters.TestApplyButtonRoundTrip" name="test_parameters_persist_after_apply" time="0.005" /><testcase classname="src.tests.integration.test_apply_button_parameters.TestApplyButtonRoundTrip" name="test_multiple_apply_operations" time="0.025" /><testcase classname="src.tests.integration.test_architectural_fixes.TestThreadSafeAsyncBroadcasting" name="test_schedule_broadcast_from_thread" time="0.107" /><testcase classname="src.tests.integration.test_architectural_fixes.TestThreadSafeAsyncBroadcasting" name="test_schedule_broadcast_with_closed_loop" time="0.002" /><testcase classname="src.tests.integration.test_architectural_fixes.TestThreadSafeAsyncBroadcasting" name="test_concurrent_broadcasts_from_multiple_threads" time="0.559" /><testcase classname="src.tests.integration.test_architectural_fixes.TestThreadSafeTopologyExtraction" name="test_topology_extraction_with_lock" time="0.047" /><testcase classname="src.tests.integration.test_architectural_fixes.TestThreadSafeTopologyExtraction" name="test_concurrent_topology_extraction" time="0.005" /><testcase classname="src.tests.integration.test_architectural_fixes.TestThreadLifecycle" name="test_stop_monitoring_idempotent" time="0.002" /><testcase classname="src.tests.integration.test_architectural_fixes.TestThreadLifecycle" name="test_stop_monitoring_waits_for_thread" time="0.001" /><testcase classname="src.tests.integration.test_architectural_fixes.TestThreadLifecycle" name="test_shutdown_idempotent" time="0.004" /><testcase classname="src.tests.integration.test_architectural_fixes.TestDashMounting" name="test_dash_uses_requests_pathname_prefix" time="0.234" /><testcase classname="src.tests.integration.test_architectural_fixes.TestAPIURLDynamicResolution" name="test_callbacks_use_request_host_url" time="0.063" /><testcase classname="src.tests.integration.test_architectural_fixes.TestConfigurationManagement" name="test_config_manager_handles_missing_file" time="0.024" /><testcase classname="src.tests.integration.test_architectural_fixes.TestConfigurationManagement" name="test_environment_variable_overrides" time="0.004" /><testcase classname="src.tests.integration.test_button_layout.TestButtonLayout" name="test_start_button_has_icon" time="0.101" /><testcase classname="src.tests.integration.test_button_layout.TestButtonLayout" name="test_pause_button_has_icon" time="0.089" /><testcase classname="src.tests.integration.test_button_layout.TestButtonLayout" name="test_stop_button_has_icon" time="0.070" /><testcase classname="src.tests.integration.test_button_layout.TestButtonLayout" name="test_resume_button_has_icon" time="0.091" /><testcase classname="src.tests.integration.test_button_layout.TestButtonLayout" name="test_reset_button_has_icon" time="0.067" /><testcase classname="src.tests.integration.test_button_layout.TestButtonLayout" name="test_buttons_have_custom_classes" time="0.067" /><testcase classname="src.tests.integration.test_button_layout.TestButtonLayout" name="test_buttons_grouped_logically" time="0.063" /><testcase classname="src.tests.integration.test_button_layout.TestButtonLayout" name="test_controls_css_exists" time="0.011" /><testcase classname="src.tests.integration.test_button_layout.TestButtonLayout" name="test_controls_css_has_button_styles" time="0.003" /><testcase classname="src.tests.integration.test_button_layout.TestButtonLayout" name="test_controls_css_has_color_scheme" time="0.003" /><testcase classname="src.tests.integration.test_button_layout.TestButtonLayout" name="test_controls_css_has_hover_states" time="0.003" /><testcase classname="src.tests.integration.test_button_layout.TestButtonLayout" name="test_controls_css_has_click_animation" time="0.003" /><testcase classname="src.tests.integration.test_button_layout.TestButtonLayout" name="test_controls_css_has_transitions" time="0.003" /><testcase classname="src.tests.integration.test_button_layout.TestButtonLayout" name="test_controls_css_has_min_size" time="0.003" /><testcase classname="src.tests.integration.test_button_layout.TestButtonLayout" name="test_controls_css_has_dark_mode" time="0.003" /><testcase classname="src.tests.integration.test_button_layout.TestButtonLayout" name="test_controls_css_has_accessibility_focus" time="0.003" /><testcase classname="src.tests.integration.test_button_layout.TestButtonLayout" name="test_button_layout_responsive" time="0.004" /><testcase classname="src.tests.integration.test_button_layout.TestButtonLayout" name="test_start_button_exists" time="0.074" /><testcase classname="src.tests.integration.test_button_layout.TestButtonLayout" name="test_pause_button_exists" time="0.062" /><testcase classname="src.tests.integration.test_button_layout.TestButtonLayout" name="test_stop_button_exists" time="0.062" /><testcase classname="src.tests.integration.test_button_layout.TestButtonLayout" name="test_resume_button_exists" time="0.065" /><testcase classname="src.tests.integration.test_button_layout.TestButtonLayout" name="test_reset_button_exists" time="0.066" /><testcase classname="src.tests.integration.test_button_layout.TestButtonLayout" name="test_button_group_separation" time="0.067" /><testcase classname="src.tests.integration.test_button_state.TestButtonStateIntegration" name="test_button_click_disables_button" time="0.001" /><testcase classname="src.tests.integration.test_button_state.TestButtonStateIntegration" name="test_dashboard_has_button_state_stores" time="0.093" /><testcase classname="src.tests.integration.test_button_state.TestButtonStateIntegration" name="test_button_click_sends_single_command" time="0.134" /><testcase classname="src.tests.integration.test_button_state.TestButtonStateIntegration" name="test_button_re_enables_after_acknowledgment" time="0.067" /><testcase classname="src.tests.integration.test_button_state.TestButtonStateIntegration" name="test_rapid_clicks_only_send_one_command" time="0.061" /><testcase classname="src.tests.integration.test_button_state.TestButtonStateIntegration" name="test_loading_indicator_visible" time="0.059" /><testcase classname="src.tests.integration.test_button_state.TestButtonStateIntegration" name="test_error_handling_re_enables_button" time="0.060" /><testcase classname="src.tests.integration.test_candidate_metrics_stream.TestCandidateMetricsStream" name="test_training_state_includes_candidate_data" time="0.001" /><testcase classname="src.tests.integration.test_candidate_metrics_stream.TestCandidateMetricsStream" name="test_state_serialization_to_json" time="0.001" /><testcase classname="src.tests.integration.test_candidate_metrics_stream.TestCandidatePhaseUpdates" name="test_candidate_pool_integration_with_state" time="0.019" /><testcase classname="src.tests.integration.test_candidate_metrics_stream.TestCandidatePhaseUpdates" name="test_pool_metrics_update_dynamically" time="0.001" /><testcase classname="src.tests.integration.test_candidate_metrics_stream.TestInactivePoolStability" name="test_inactive_pool_returns_empty_values" time="0.001" /><testcase classname="src.tests.integration.test_candidate_metrics_stream.TestInactivePoolStability" name="test_pool_clear_resets_to_inactive" time="0.001" /><testcase classname="src.tests.integration.test_candidate_metrics_stream.TestInactivePoolStability" name="test_transition_from_active_to_inactive" time="0.001" /><testcase classname="src.tests.integration.test_candidate_metrics_stream.TestWebSocketBroadcastIntegration" name="test_state_message_format" time="0.001" /><testcase classname="src.tests.integration.test_candidate_metrics_stream.TestEdgeCases" name="test_zero_candidates_requested" time="0.001" /><testcase classname="src.tests.integration.test_candidate_metrics_stream.TestEdgeCases" name="test_negative_n_candidates" time="0.001" /><testcase classname="src.tests.integration.test_candidate_metrics_stream.TestEdgeCases" name="test_candidates_with_same_correlation" time="0.001" /><testcase classname="src.tests.integration.test_candidate_metrics_stream.TestEdgeCases" name="test_pool_progress_tracking" time="0.001" /><testcase classname="src.tests.integration.test_candidate_metrics_stream.TestEdgeCases" name="test_elapsed_time_tracking" time="0.102" /><testcase classname="src.tests.integration.test_cascor_backend_integration.TestCascorBackendIntegration" name="test_backend_import_successful" time="0.001"><skipped type="pytest.skip" message="CasCor backend not available (set CASCOR_BACKEND_AVAILABLE=1)">/home/pcalnon/Development/python/JuniperCanopy/juniper_canopy/src/tests/integration/test_cascor_backend_integration.py:73: CasCor backend not available (set CASCOR_BACKEND_AVAILABLE=1)</skipped></testcase><testcase classname="src.tests.integration.test_cascor_backend_integration.TestCascorBackendIntegration" name="test_network_creation_with_config" time="0.001"><skipped type="pytest.skip" message="CasCor backend not available (set CASCOR_BACKEND_AVAILABLE=1)">/home/pcalnon/Development/python/JuniperCanopy/juniper_canopy/src/tests/integration/test_cascor_backend_integration.py:83: CasCor backend not available (set CASCOR_BACKEND_AVAILABLE=1)</skipped></testcase><testcase classname="src.tests.integration.test_cascor_backend_integration.TestCascorBackendIntegration" name="test_connect_to_existing_network" time="0.000"><skipped type="pytest.skip" message="CasCor backend not available (set CASCOR_BACKEND_AVAILABLE=1)">/home/pcalnon/Development/python/JuniperCanopy/juniper_canopy/src/tests/integration/test_cascor_backend_integration.py:104: CasCor backend not available (set CASCOR_BACKEND_AVAILABLE=1)</skipped></testcase><testcase classname="src.tests.integration.test_cascor_backend_integration.TestCascorBackendIntegration" name="test_install_monitoring_hooks" time="0.000"><skipped type="pytest.skip" message="CasCor backend not available (set CASCOR_BACKEND_AVAILABLE=1)">/home/pcalnon/Development/python/JuniperCanopy/juniper_canopy/src/tests/integration/test_cascor_backend_integration.py:124: CasCor backend not available (set CASCOR_BACKEND_AVAILABLE=1)</skipped></testcase><testcase classname="src.tests.integration.test_cascor_backend_integration.TestCascorBackendIntegration" name="test_get_training_status" time="0.000"><skipped type="pytest.skip" message="CasCor backend not available (set CASCOR_BACKEND_AVAILABLE=1)">/home/pcalnon/Development/python/JuniperCanopy/juniper_canopy/src/tests/integration/test_cascor_backend_integration.py:142: CasCor backend not available (set CASCOR_BACKEND_AVAILABLE=1)</skipped></testcase><testcase classname="src.tests.integration.test_cascor_backend_integration.TestCascorBackendIntegration" name="test_network_topology_extraction" time="0.000"><skipped type="pytest.skip" message="CasCor backend not available (set CASCOR_BACKEND_AVAILABLE=1)">/home/pcalnon/Development/python/JuniperCanopy/juniper_canopy/src/tests/integration/test_cascor_backend_integration.py:156: CasCor backend not available (set CASCOR_BACKEND_AVAILABLE=1)</skipped></testcase><testcase classname="src.tests.integration.test_cascor_backend_integration.TestCascorBackendIntegration" name="test_dataset_info_preparation" time="0.000"><skipped type="pytest.skip" message="CasCor backend not available (set CASCOR_BACKEND_AVAILABLE=1)">/home/pcalnon/Development/python/JuniperCanopy/juniper_canopy/src/tests/integration/test_cascor_backend_integration.py:179: CasCor backend not available (set CASCOR_BACKEND_AVAILABLE=1)</skipped></testcase><testcase classname="src.tests.integration.test_cascor_backend_integration.TestCascorBackendIntegration" name="test_prediction_function_retrieval" time="0.000"><skipped type="pytest.skip" message="CasCor backend not available (set CASCOR_BACKEND_AVAILABLE=1)">/home/pcalnon/Development/python/JuniperCanopy/juniper_canopy/src/tests/integration/test_cascor_backend_integration.py:197: CasCor backend not available (set CASCOR_BACKEND_AVAILABLE=1)</skipped></testcase><testcase classname="src.tests.integration.test_cascor_backend_integration.TestCascorBackendIntegration" name="test_training_with_monitoring" time="0.001"><skipped type="pytest.skip" message="CasCor backend not available (set CASCOR_BACKEND_AVAILABLE=1)">/home/pcalnon/Development/python/JuniperCanopy/juniper_canopy/src/tests/integration/test_cascor_backend_integration.py:218: CasCor backend not available (set CASCOR_BACKEND_AVAILABLE=1)</skipped></testcase><testcase classname="src.tests.integration.test_cascor_backend_integration.TestCascorBackendIntegration" name="test_monitoring_thread_lifecycle" time="0.000"><skipped type="pytest.skip" message="CasCor backend not available (set CASCOR_BACKEND_AVAILABLE=1)">/home/pcalnon/Development/python/JuniperCanopy/juniper_canopy/src/tests/integration/test_cascor_backend_integration.py:267: CasCor backend not available (set CASCOR_BACKEND_AVAILABLE=1)</skipped></testcase><testcase classname="src.tests.integration.test_cascor_backend_integration.TestCascorBackendIntegration" name="test_metric_extraction_from_history" time="0.000"><skipped type="pytest.skip" message="CasCor backend not available (set CASCOR_BACKEND_AVAILABLE=1)">/home/pcalnon/Development/python/JuniperCanopy/juniper_canopy/src/tests/integration/test_cascor_backend_integration.py:306: CasCor backend not available (set CASCOR_BACKEND_AVAILABLE=1)</skipped></testcase><testcase classname="src.tests.integration.test_cascor_backend_integration.TestCascorBackendIntegration" name="test_hook_restoration_on_shutdown" time="0.000"><skipped type="pytest.skip" message="CasCor backend not available (set CASCOR_BACKEND_AVAILABLE=1)">/home/pcalnon/Development/python/JuniperCanopy/juniper_canopy/src/tests/integration/test_cascor_backend_integration.py:337: CasCor backend not available (set CASCOR_BACKEND_AVAILABLE=1)</skipped></testcase><testcase classname="src.tests.integration.test_cascor_backend_integration.TestCascorIntegrationErrorHandling" name="test_create_network_without_backend" time="0.041" /><testcase classname="src.tests.integration.test_cascor_backend_integration.TestCascorIntegrationErrorHandling" name="test_install_hooks_without_network" time="0.001"><skipped type="pytest.skip" message="Backend not available">/home/pcalnon/Development/python/JuniperCanopy/juniper_canopy/src/tests/integration/test_cascor_backend_integration.py:375: Backend not available</skipped></testcase><testcase classname="src.tests.integration.test_cascor_backend_integration.TestCascorIntegrationErrorHandling" name="test_get_topology_without_network" time="0.001"><skipped type="pytest.skip" message="Backend not available">/home/pcalnon/Development/python/JuniperCanopy/juniper_canopy/src/tests/integration/test_cascor_backend_integration.py:389: Backend not available</skipped></testcase><testcase classname="src.tests.integration.test_cascor_backend_integration.TestCascorWebSocketIntegration" name="test_broadcast_on_training_start" time="0.001"><skipped type="pytest.skip" message="Backend not available">/home/pcalnon/Development/python/JuniperCanopy/juniper_canopy/src/tests/integration/test_cascor_backend_integration.py:422: Backend not available</skipped></testcase><testcase classname="src.tests.integration.test_cascor_backend_integration.TestCascorWebSocketIntegration" name="test_broadcast_on_output_phase_end" time="0.001"><skipped type="pytest.skip" message="Backend not available">/home/pcalnon/Development/python/JuniperCanopy/juniper_canopy/src/tests/integration/test_cascor_backend_integration.py:446: Backend not available</skipped></testcase><testcase classname="src.tests.integration.test_config_dashboard_integration.TestConfigDashboardIntegration" name="test_config_defaults_within_bounds" time="0.021" /><testcase classname="src.tests.integration.test_config_dashboard_integration.TestConfigDashboardIntegration" name="test_config_ranges_compatible_with_constants" time="0.023" /><testcase classname="src.tests.integration.test_config_dashboard_integration.TestConfigDashboardIntegration" name="test_config_consistency_check_runs" time="0.037" /><testcase classname="src.tests.integration.test_config_dashboard_integration.TestConfigDashboardIntegration" name="test_param_validation_integration" time="0.033" /><testcase classname="src.tests.integration.test_config_integration.TestEndToEndConfigFlow" name="test_config_manager_initialization" time="0.023" /><testcase classname="src.tests.integration.test_config_integration.TestEndToEndConfigFlow" name="test_config_validation" time="0.023" /><testcase classname="src.tests.integration.test_config_integration.TestEndToEndConfigFlow" name="test_training_defaults_availability" time="0.021" /><testcase classname="src.tests.integration.test_config_integration.TestEndToEndConfigFlow" name="test_config_sections_exist" time="0.019" /><testcase classname="src.tests.integration.test_config_integration.TestDashboardIntegration" name="test_dashboard_config_loading" time="0.019" /><testcase classname="src.tests.integration.test_config_integration.TestDashboardIntegration" name="test_dashboard_env_override" time="0.005" /><testcase classname="src.tests.integration.test_config_integration.TestMetricsPanelIntegration" name="test_metrics_panel_config_access" time="0.021" /><testcase classname="src.tests.integration.test_config_integration.TestMetricsPanelIntegration" name="test_metrics_panel_env_override" time="0.006" /><testcase classname="src.tests.integration.test_config_integration.TestBackendIntegration" name="test_backend_path_resolution" time="0.022" /><testcase classname="src.tests.integration.test_config_integration.TestBackendIntegration" name="test_backend_env_override" time="0.007" /><testcase classname="src.tests.integration.test_config_integration.TestWebSocketIntegration" name="test_websocket_config_loading" time="0.032" /><testcase classname="src.tests.integration.test_config_integration.TestWebSocketIntegration" name="test_websocket_env_override" time="0.008" /><testcase classname="src.tests.integration.test_config_integration.TestDemoModeIntegration" name="test_demo_config_loading" time="0.027" /><testcase classname="src.tests.integration.test_config_integration.TestDemoModeIntegration" name="test_demo_env_override" time="0.006" /><testcase classname="src.tests.integration.test_config_integration.TestMultiComponentConfiguration" name="test_multiple_env_vars_together" time="0.006" /><testcase classname="src.tests.integration.test_config_integration.TestMultiComponentConfiguration" name="test_config_manager_singleton_behavior" time="0.043" /><testcase classname="src.tests.integration.test_config_integration.TestConfigurationPersistence" name="test_config_reload" time="0.045" /><testcase classname="src.tests.integration.test_config_integration.TestConfigurationPersistence" name="test_config_get_method" time="0.022" /><testcase classname="src.tests.integration.test_config_integration.TestErrorHandling" name="test_invalid_env_var_types" time="0.007" /><testcase classname="src.tests.integration.test_config_integration.TestErrorHandling" name="test_missing_config_sections" time="0.021" /><testcase classname="src.tests.integration.test_config_integration.TestErrorHandling" name="test_config_validation_with_errors" time="0.021" /><testcase classname="src.tests.integration.test_config_integration.TestConfigurationSources" name="test_source_determination_env" time="0.006" /><testcase classname="src.tests.integration.test_config_integration.TestConfigurationSources" name="test_source_determination_config" time="0.035" /><testcase classname="src.tests.integration.test_config_integration.TestConfigurationSources" name="test_source_determination_constant" time="0.007" /><testcase classname="src.tests.integration.test_constants_integration.TestConstantsIntegration" name="test_dashboard_uses_constants" time="0.070" /><testcase classname="src.tests.integration.test_constants_integration.TestConstantsIntegration" name="test_training_constants_consistency" time="0.001" /><testcase classname="src.tests.integration.test_constants_integration.TestConstantsIntegration" name="test_dashboard_constants_consistency" time="0.001" /><testcase classname="src.tests.integration.test_control_transitions.TestDemoModeControlTransitions" name="test_start_to_pause_in_output_to_resume" time="0.378" /><testcase classname="src.tests.integration.test_control_transitions.TestDemoModeControlTransitions" name="test_start_to_pause_in_candidate_to_resume" time="0.221" /><testcase classname="src.tests.integration.test_control_transitions.TestDemoModeControlTransitions" name="test_start_to_pause_to_start_acts_as_resume" time="0.323" /><testcase classname="src.tests.integration.test_control_transitions.TestDemoModeControlTransitions" name="test_start_to_stop_truly_stops" time="0.526" /><testcase classname="src.tests.integration.test_control_transitions.TestDemoModeControlTransitions" name="test_invalid_transitions_rejected" time="0.133" /><testcase classname="src.tests.integration.test_control_transitions.TestDemoModeControlTransitions" name="test_reset_clears_all_state" time="0.336" /><testcase classname="src.tests.integration.test_control_transitions.TestDemoModeControlTransitions" name="test_rapid_start_pause_resume_stop" time="0.283" /><testcase classname="src.tests.integration.test_control_transitions.TestDemoModeControlTransitions" name="test_pause_resume_preserves_training_progress" time="0.851" /><testcase classname="src.tests.integration.test_control_transitions.TestDemoModeControlTransitions" name="test_candidate_phase_state_persists_across_pause_resume" time="0.246" /><testcase classname="src.tests.integration.test_control_transitions.TestStateConsistency" name="test_fsm_and_demo_state_consistency" time="0.047" /><testcase classname="src.tests.integration.test_control_transitions.TestStateConsistency" name="test_training_state_reflects_fsm_state" time="0.122" /><testcase classname="src.tests.integration.test_control_transitions.TestEdgeCases" name="test_double_start_idempotent" time="0.030" /><testcase classname="src.tests.integration.test_control_transitions.TestEdgeCases" name="test_double_stop_idempotent" time="0.024" /><testcase classname="src.tests.integration.test_control_transitions.TestEdgeCases" name="test_phase_transitions_during_training" time="1.023" /><testcase classname="src.tests.integration.test_css_interference" name="test_dark_mode_css_no_global_selector" time="0.001" /><testcase classname="src.tests.integration.test_css_interference" name="test_plotly_fix_css_exists" time="0.001" /><testcase classname="src.tests.integration.test_css_interference" name="test_plotly_fix_css_has_svg_protection" time="0.001" /><testcase classname="src.tests.integration.test_dark_mode.TestDarkMode" name="test_dark_mode_toggle_button_exists" time="0.077" /><testcase classname="src.tests.integration.test_dark_mode.TestDarkMode" name="test_dark_mode_store_exists" time="0.118" /><testcase classname="src.tests.integration.test_dark_mode.TestDarkMode" name="test_theme_state_store_exists" time="0.109" /><testcase classname="src.tests.integration.test_dark_mode.TestDarkMode" name="test_dark_mode_css_loaded" time="0.005" /><testcase classname="src.tests.integration.test_dark_mode.TestDarkMode" name="test_dark_mode_css_has_theme_variables" time="0.005" /><testcase classname="src.tests.integration.test_dark_mode.TestDarkMode" name="test_dark_mode_toggle_changes_icon" time="0.077" /><testcase classname="src.tests.integration.test_dark_mode.TestDarkMode" name="test_api_endpoints_still_work_with_dark_mode" time="0.064" /><testcase classname="src.tests.integration.test_dark_mode.TestDarkMode" name="test_wcag_contrast_compliance_documented" time="0.004" /><testcase classname="src.tests.integration.test_dark_mode.TestDarkMode" name="test_plotly_dark_template_integration" time="0.008" /><testcase classname="src.tests.integration.test_dark_mode.TestDarkMode" name="test_all_visualization_components_accept_theme" time="0.276" /><testcase classname="src.tests.integration.test_dark_mode.TestDarkMode" name="test_dark_mode_theme_colors_applied" time="0.003" /><testcase classname="src.tests.integration.test_dark_mode.TestDarkMode" name="test_dark_mode_preserves_button_colors" time="0.002" /><testcase classname="src.tests.integration.test_dark_mode.TestDarkMode" name="test_theme_state_passed_to_all_components" time="0.033" /><testcase classname="src.tests.integration.test_dashboard_e2e.TestDashboardE2E" name="test_dashboard_loads_without_errors" time="0.010" /><testcase classname="src.tests.integration.test_dashboard_e2e.TestDashboardE2E" name="test_dashboard_metrics_panel_gets_data" time="2.004" /><testcase classname="src.tests.integration.test_dashboard_e2e.TestDashboardE2E" name="test_dashboard_api_endpoints_respond" time="0.099" /><testcase classname="src.tests.integration.test_dashboard_e2e.TestDashboardE2E" name="test_training_controls_work" time="0.046" /><testcase classname="src.tests.integration.test_dashboard_enhancements.TestDashboardEnhancementsIntegration" name="test_dashboard_initialization_with_enhancements" time="0.060" /><testcase classname="src.tests.integration.test_dashboard_enhancements.TestDashboardEnhancementsIntegration" name="test_all_components_registered" time="0.060" /><testcase classname="src.tests.integration.test_dashboard_enhancements.TestDashboardEnhancementsIntegration" name="test_layout_contains_all_enhancements" time="0.061" /><testcase classname="src.tests.integration.test_dashboard_enhancements.TestDashboardEnhancementsIntegration" name="test_sidebar_structure" time="0.067" /><testcase classname="src.tests.integration.test_dashboard_enhancements.TestDashboardEnhancementsIntegration" name="test_training_controls_complete" time="0.069" /><testcase classname="src.tests.integration.test_dashboard_enhancements.TestCallbacksIntegration" name="test_all_callbacks_registered" time="0.061" /><testcase classname="src.tests.integration.test_dashboard_enhancements.TestCallbacksIntegration" name="test_collapse_callbacks_exist" time="0.064" /><testcase classname="src.tests.integration.test_dashboard_enhancements.TestCallbacksIntegration" name="test_param_sync_callback_exists" time="0.060" /><testcase classname="src.tests.integration.test_dashboard_enhancements.TestMetricsPanelRefactoring" name="test_metrics_panel_no_longer_has_network_info" time="0.059" /><testcase classname="src.tests.integration.test_dashboard_enhancements.TestMetricsPanelRefactoring" name="test_metrics_panel_still_has_plots" time="0.060" /><testcase classname="src.tests.integration.test_dashboard_enhancements.TestNetworkInfoDetailsAPI" name="test_details_panel_update_callback_exists" time="0.063" /><testcase classname="src.tests.integration.test_dashboard_enhancements.TestNetworkInfoDetailsAPI" name="test_metrics_panel_helper_accessible" time="0.117" /><testcase classname="src.tests.integration.test_dashboard_rendering_regression.TestDashboardPlotRendering" name="test_metrics_panel_loss_plot_has_data" time="0.045" /><testcase classname="src.tests.integration.test_dashboard_rendering_regression.TestDashboardPlotRendering" name="test_metrics_panel_accuracy_plot_has_data" time="0.049" /><testcase classname="src.tests.integration.test_dashboard_rendering_regression.TestDashboardPlotRendering" name="test_dataset_plotter_scatter_plot_has_data" time="0.020" /><testcase classname="src.tests.integration.test_dashboard_rendering_regression.TestDashboardPlotRendering" name="test_decision_boundary_empty_plot_renders" time="0.019" /><testcase classname="src.tests.integration.test_dashboard_rendering_regression.TestDashboardPlotRendering" name="test_network_visualizer_graph_has_data" time="0.028" /><testcase classname="src.tests.integration.test_dashboard_rendering_regression.TestDashboardPlotRendering" name="test_all_plots_support_dark_theme" time="0.154" /><testcase classname="src.tests.integration.test_dashboard_rendering_regression.TestDashboardPlotRendering" name="test_plots_preserve_interactivity" time="0.037" /><testcase classname="src.tests.integration.test_dashboard_rendering_regression.TestDashboardPlotRendering" name="test_css_no_global_interference" time="0.001" /><testcase classname="src.tests.integration.test_dashboard_title.TestDashboardTitle" name="test_browser_tab_title" time="0.006" /><testcase classname="src.tests.integration.test_dashboard_title.TestDashboardTitle" name="test_dashboard_header_title" time="0.005" /><testcase classname="src.tests.integration.test_demo_endpoints.TestHealthEndpoint" name="test_health_endpoint_returns_200" time="2.005" /><testcase classname="src.tests.integration.test_demo_endpoints.TestHealthEndpoint" name="test_health_endpoint_returns_json" time="0.003" /><testcase classname="src.tests.integration.test_demo_endpoints.TestHealthEndpoint" name="test_health_shows_demo_mode" time="0.002" /><testcase classname="src.tests.integration.test_demo_endpoints.TestWebSocketTrainingEndpoint" name="test_training_websocket_accepts_connection" time="0.016" /><testcase classname="src.tests.integration.test_demo_endpoints.TestWebSocketTrainingEndpoint" name="test_training_websocket_sends_connection_established" time="0.007" /><testcase classname="src.tests.integration.test_demo_endpoints.TestWebSocketTrainingEndpoint" name="test_training_websocket_receives_state_messages" time="0.000"><skipped type="pytest.skip" message="WebSocket broadcasts require full async event loop (use manual testing)">/home/pcalnon/Development/python/JuniperCanopy/juniper_canopy/src/tests/integration/test_demo_endpoints.py:90: WebSocket broadcasts require full async event loop (use manual testing)</skipped></testcase><testcase classname="src.tests.integration.test_demo_endpoints.TestWebSocketTrainingEndpoint" name="test_training_websocket_receives_metrics_messages" time="0.000"><skipped type="pytest.skip" message="WebSocket broadcasts require full async event loop (use manual testing)">/home/pcalnon/Development/python/JuniperCanopy/juniper_canopy/src/tests/integration/test_demo_endpoints.py:110: WebSocket broadcasts require full async event loop (use manual testing)</skipped></testcase><testcase classname="src.tests.integration.test_demo_endpoints.TestWebSocketControlEndpoint" name="test_control_websocket_accepts_connection" time="0.014" /><testcase classname="src.tests.integration.test_demo_endpoints.TestWebSocketControlEndpoint" name="test_control_websocket_accepts_commands" time="0.006" /><testcase classname="src.tests.integration.test_demo_endpoints.TestWebSocketControlEndpoint" name="test_control_commands_execute" time="0.006" /><testcase classname="src.tests.integration.test_demo_endpoints.TestAPIStateEndpoint" name="test_api_state_returns_200" time="0.003" /><testcase classname="src.tests.integration.test_demo_endpoints.TestAPIStateEndpoint" name="test_api_state_returns_valid_json" time="0.002" /><testcase classname="src.tests.integration.test_demo_endpoints.TestAPIStateEndpoint" name="test_api_state_reflects_demo_mode" time="0.004" /><testcase classname="src.tests.integration.test_demo_endpoints.TestAPIMetricsEndpoint" name="test_api_metrics_returns_200" time="0.003" /><testcase classname="src.tests.integration.test_demo_endpoints.TestAPIMetricsEndpoint" name="test_api_metrics_returns_json" time="0.004" /><testcase classname="src.tests.integration.test_demo_endpoints.TestAPIMetricsEndpoint" name="test_api_metrics_has_training_data" time="1.503" /><testcase classname="src.tests.integration.test_demo_endpoints.TestAPITopologyEndpoint" name="test_api_topology_returns_200" time="0.003" /><testcase classname="src.tests.integration.test_demo_endpoints.TestAPITopologyEndpoint" name="test_api_topology_returns_valid_structure" time="0.003" /><testcase classname="src.tests.integration.test_demo_endpoints.TestAPIStatusEndpoint" name="test_api_status_returns_200" time="0.003" /><testcase classname="src.tests.integration.test_demo_endpoints.TestAPIStatusEndpoint" name="test_api_status_shows_training_active" time="0.004" /><testcase classname="src.tests.integration.test_demo_endpoints.TestRootEndpoint" name="test_root_redirects_to_dashboard" time="0.003" /><testcase classname="src.tests.integration.test_demo_endpoints.TestDataFlowIntegration" name="test_demo_mode_broadcasts_data" time="0.000"><skipped type="pytest.skip" message="WebSocket broadcasts require full async event loop (use manual testing)">/home/pcalnon/Development/python/JuniperCanopy/juniper_canopy/src/tests/integration/test_demo_endpoints.py:275: WebSocket broadcasts require full async event loop (use manual testing)</skipped></testcase><testcase classname="src.tests.integration.test_demo_endpoints.TestDataFlowIntegration" name="test_state_updates_are_consistent" time="1.507" /><testcase classname="src.tests.integration.test_demo_endpoints.TestDashboardEndpoint" name="test_dashboard_endpoint_accessible" time="0.006" /><testcase classname="src.tests.integration.test_hdf5_snapshots_api.TestGetSnapshotsEndpoint" name="test_snapshots_endpoint_returns_200" time="0.013" /><testcase classname="src.tests.integration.test_hdf5_snapshots_api.TestGetSnapshotsEndpoint" name="test_snapshots_endpoint_returns_json" time="0.006" /><testcase classname="src.tests.integration.test_hdf5_snapshots_api.TestGetSnapshotsEndpoint" name="test_snapshots_endpoint_has_snapshots_key" time="0.006" /><testcase classname="src.tests.integration.test_hdf5_snapshots_api.TestGetSnapshotsEndpoint" name="test_snapshots_endpoint_snapshots_is_list" time="0.006" /><testcase classname="src.tests.integration.test_hdf5_snapshots_api.TestGetSnapshotsEndpoint" name="test_demo_mode_returns_mock_snapshots" time="0.007" /><testcase classname="src.tests.integration.test_hdf5_snapshots_api.TestGetSnapshotsEndpoint" name="test_demo_mode_snapshots_have_demo_prefix" time="0.007" /><testcase classname="src.tests.integration.test_hdf5_snapshots_api.TestGetSnapshotsEndpoint" name="test_demo_mode_has_message" time="0.007" /><testcase classname="src.tests.integration.test_hdf5_snapshots_api.TestGetSnapshotsEndpoint" name="test_snapshots_have_valid_timestamps" time="0.008" /><testcase classname="src.tests.integration.test_hdf5_snapshots_api.TestGetSnapshotsEndpoint" name="test_snapshots_have_positive_sizes" time="0.006" /><testcase classname="src.tests.integration.test_hdf5_snapshots_api.TestGetSnapshotDetailEndpoint" name="test_snapshot_detail_returns_200_for_valid_id" time="0.016" /><testcase classname="src.tests.integration.test_hdf5_snapshots_api.TestGetSnapshotDetailEndpoint" name="test_snapshot_detail_returns_404_for_invalid_id" time="0.006" /><testcase classname="src.tests.integration.test_hdf5_snapshots_api.TestGetSnapshotDetailEndpoint" name="test_snapshot_detail_has_required_fields" time="0.007" /><testcase classname="src.tests.integration.test_hdf5_snapshots_api.TestGetSnapshotDetailEndpoint" name="test_snapshot_detail_has_attributes" time="0.008" /><testcase classname="src.tests.integration.test_hdf5_snapshots_api.TestGetSnapshotDetailEndpoint" name="test_snapshot_detail_demo_attributes_content" time="0.008" /><testcase classname="src.tests.integration.test_hdf5_snapshots_api.TestGetSnapshotDetailEndpoint" name="test_snapshot_detail_id_matches_request" time="0.009" /><testcase classname="src.tests.integration.test_hdf5_snapshots_api.TestSnapshotsWithRealFiles" name="test_lists_real_hdf5_files" time="0.000"><skipped type="pytest.skip" message="Requires patching global _snapshots_dir which is complex in demo mode">/home/pcalnon/Development/python/JuniperCanopy/juniper_canopy/src/tests/integration/test_hdf5_snapshots_api.py:235: Requires patching global _snapshots_dir which is complex in demo mode</skipped></testcase><testcase classname="src.tests.integration.test_hdf5_snapshots_api.TestSnapshotsWithRealFiles" name="test_ignores_non_hdf5_files" time="0.000"><skipped type="pytest.skip" message="Requires patching global _snapshots_dir which is complex in demo mode">/home/pcalnon/Development/python/JuniperCanopy/juniper_canopy/src/tests/integration/test_hdf5_snapshots_api.py:243: Requires patching global _snapshots_dir which is complex in demo mode</skipped></testcase><testcase classname="src.tests.integration.test_hdf5_snapshots_api.TestSnapshotsErrorHandling" name="test_404_response_has_detail" time="0.007" /><testcase classname="src.tests.integration.test_hdf5_snapshots_api.TestSnapshotsErrorHandling" name="test_404_detail_is_descriptive" time="0.006" /><testcase classname="src.tests.integration.test_hdf5_snapshots_api.TestSnapshotsContentFormat" name="test_list_content_type_is_json" time="0.007" /><testcase classname="src.tests.integration.test_hdf5_snapshots_api.TestSnapshotsContentFormat" name="test_detail_content_type_is_json" time="0.009" /><testcase classname="src.tests.integration.test_hdf5_snapshots_api.TestSnapshotsContentFormat" name="test_timestamp_format_is_iso8601" time="0.006" /><testcase classname="src.tests.integration.test_hdf5_snapshots_api.TestCreateSnapshotEndpoint" name="test_create_snapshot_returns_201" time="0.020" /><testcase classname="src.tests.integration.test_hdf5_snapshots_api.TestCreateSnapshotEndpoint" name="test_create_snapshot_returns_json" time="0.008" /><testcase classname="src.tests.integration.test_hdf5_snapshots_api.TestCreateSnapshotEndpoint" name="test_create_snapshot_has_required_fields" time="0.010" /><testcase classname="src.tests.integration.test_hdf5_snapshots_api.TestCreateSnapshotEndpoint" name="test_create_snapshot_with_custom_name" time="0.011" /><testcase classname="src.tests.integration.test_hdf5_snapshots_api.TestCreateSnapshotEndpoint" name="test_create_snapshot_with_description" time="0.012" /><testcase classname="src.tests.integration.test_hdf5_snapshots_api.TestCreateSnapshotEndpoint" name="test_create_snapshot_auto_generates_id" time="0.006" /><testcase classname="src.tests.integration.test_hdf5_snapshots_api.TestCreateSnapshotEndpoint" name="test_create_snapshot_appears_in_list" time="0.014" /><testcase classname="src.tests.integration.test_hdf5_snapshots_api.TestCreateSnapshotEndpoint" name="test_create_snapshot_has_message" time="0.008" /><testcase classname="src.tests.integration.test_hdf5_snapshots_api.TestCreateSnapshotEndpoint" name="test_create_snapshot_timestamp_is_recent" time="0.006" /><testcase classname="src.tests.integration.test_hdf5_snapshots_api.TestCreateSnapshotEndpoint" name="test_create_snapshot_detail_accessible" time="0.007" /><testcase classname="src.tests.integration.test_hdf5_snapshots_api.TestRestoreSnapshotEndpoint" name="test_restore_snapshot_returns_200" time="0.023" /><testcase classname="src.tests.integration.test_hdf5_snapshots_api.TestRestoreSnapshotEndpoint" name="test_restore_snapshot_returns_json" time="0.009" /><testcase classname="src.tests.integration.test_hdf5_snapshots_api.TestRestoreSnapshotEndpoint" name="test_restore_snapshot_has_status" time="0.008" /><testcase classname="src.tests.integration.test_hdf5_snapshots_api.TestRestoreSnapshotEndpoint" name="test_restore_snapshot_has_message" time="0.009" /><testcase classname="src.tests.integration.test_hdf5_snapshots_api.TestRestoreSnapshotEndpoint" name="test_restore_snapshot_has_restored_at" time="0.010" /><testcase classname="src.tests.integration.test_hdf5_snapshots_api.TestRestoreSnapshotEndpoint" name="test_restore_snapshot_not_found_404" time="0.007" /><testcase classname="src.tests.integration.test_hdf5_snapshots_api.TestRestoreSnapshotEndpoint" name="test_restore_snapshot_404_has_detail" time="0.007" /><testcase classname="src.tests.integration.test_hdf5_snapshots_api.TestRestoreSnapshotEndpoint" name="test_restore_created_snapshot" time="0.009" /><testcase classname="src.tests.integration.test_hdf5_snapshots_api.TestRestoreSnapshotEndpoint" name="test_restore_logs_activity" time="0.017" /><testcase classname="src.tests.integration.test_hdf5_snapshots_api.TestSnapshotHistoryEndpoint" name="test_history_endpoint_returns_200" time="0.014" /><testcase classname="src.tests.integration.test_hdf5_snapshots_api.TestSnapshotHistoryEndpoint" name="test_history_endpoint_returns_json" time="0.013" /><testcase classname="src.tests.integration.test_hdf5_snapshots_api.TestSnapshotHistoryEndpoint" name="test_history_has_history_key" time="0.015" /><testcase classname="src.tests.integration.test_hdf5_snapshots_api.TestSnapshotHistoryEndpoint" name="test_history_is_list" time="0.010" /><testcase classname="src.tests.integration.test_hdf5_snapshots_api.TestSnapshotHistoryEndpoint" name="test_history_has_total" time="0.010" /><testcase classname="src.tests.integration.test_hdf5_snapshots_api.TestSnapshotHistoryEndpoint" name="test_history_limit_parameter" time="0.020" /><testcase classname="src.tests.integration.test_hdf5_snapshots_api.TestSnapshotHistoryEndpoint" name="test_history_entries_have_required_fields" time="0.010" /><testcase classname="src.tests.integration.test_hdf5_snapshots_api.TestSnapshotHistoryEndpoint" name="test_history_is_reverse_chronological" time="0.011" /><testcase classname="src.tests.integration.test_hdf5_snapshots_api.TestSnapshotHistoryEndpoint" name="test_history_tracks_create_action" time="0.010" /><testcase classname="src.tests.integration.test_hdf5_snapshots_api.TestSnapshotHistoryEndpoint" name="test_history_tracks_restore_action" time="0.013" /><testcase classname="src.tests.integration.test_main_api_endpoints.TestRootEndpoint" name="test_root_redirects_to_dashboard" time="0.005" /><testcase classname="src.tests.integration.test_main_api_endpoints.TestRootEndpoint" name="test_root_redirect_follows_to_dashboard" time="0.006" /><testcase classname="src.tests.integration.test_main_api_endpoints.TestHealthEndpoint" name="test_health_endpoint_exists" time="0.002" /><testcase classname="src.tests.integration.test_main_api_endpoints.TestHealthEndpoint" name="test_health_returns_valid_json" time="0.002" /><testcase classname="src.tests.integration.test_main_api_endpoints.TestHealthEndpoint" name="test_health_status_healthy" time="0.002" /><testcase classname="src.tests.integration.test_main_api_endpoints.TestMetricsEndpoints" name="test_get_metrics_current" time="0.001" /><testcase classname="src.tests.integration.test_main_api_endpoints.TestMetricsEndpoints" name="test_metrics_has_expected_fields" time="0.002" /><testcase classname="src.tests.integration.test_main_api_endpoints.TestMetricsEndpoints" name="test_get_metrics_history" time="0.002" /><testcase classname="src.tests.integration.test_main_api_endpoints.TestMetricsEndpoints" name="test_metrics_history_limit" time="0.002" /><testcase classname="src.tests.integration.test_main_api_endpoints.TestNetworkTopologyEndpoint" name="test_get_network_topology" time="0.002" /><testcase classname="src.tests.integration.test_main_api_endpoints.TestNetworkTopologyEndpoint" name="test_topology_has_nodes_and_edges" time="0.002" /><testcase classname="src.tests.integration.test_main_api_endpoints.TestNetworkTopologyEndpoint" name="test_topology_nodes_structure" time="0.002" /><testcase classname="src.tests.integration.test_main_api_endpoints.TestDatasetEndpoint" name="test_get_dataset" time="0.004" /><testcase classname="src.tests.integration.test_main_api_endpoints.TestDatasetEndpoint" name="test_dataset_has_points_and_labels" time="0.005" /><testcase classname="src.tests.integration.test_main_api_endpoints.TestDatasetEndpoint" name="test_dataset_structure" time="0.004" /><testcase classname="src.tests.integration.test_main_api_endpoints.TestDecisionBoundaryEndpoint" name="test_get_decision_boundary" time="0.082" /><testcase classname="src.tests.integration.test_main_api_endpoints.TestDecisionBoundaryEndpoint" name="test_decision_boundary_grid" time="0.062" /><testcase classname="src.tests.integration.test_main_api_endpoints.TestDecisionBoundaryEndpoint" name="test_decision_boundary_with_resolution" time="0.058" /><testcase classname="src.tests.integration.test_main_api_endpoints.TestStatisticsEndpoint" name="test_get_statistics" time="0.002" /><testcase classname="src.tests.integration.test_main_api_endpoints.TestStatisticsEndpoint" name="test_statistics_has_connection_info" time="0.002" /><testcase classname="src.tests.integration.test_main_api_endpoints.TestStatusEndpoint" name="test_get_status" time="0.002" /><testcase classname="src.tests.integration.test_main_api_endpoints.TestStatusEndpoint" name="test_status_has_state_info" time="0.002" /><testcase classname="src.tests.integration.test_main_api_endpoints.TestStatusEndpoint" name="test_status_demo_mode_flag" time="0.002" /><testcase classname="src.tests.integration.test_main_api_endpoints.TestErrorHandling" name="test_invalid_endpoint_404" time="0.001" /><testcase classname="src.tests.integration.test_main_api_endpoints.TestErrorHandling" name="test_invalid_method_405" time="0.002" /><testcase classname="src.tests.integration.test_main_api_endpoints.TestErrorHandling" name="test_malformed_query_parameters" time="0.001" /><testcase classname="src.tests.integration.test_main_api_endpoints.TestCORS" name="test_cors_headers_present" time="0.000"><skipped type="pytest.skip" message="TestClient bypasses CORS middleware - headers not visible in tests">/home/pcalnon/Development/python/JuniperCanopy/juniper_canopy/src/tests/integration/test_main_api_endpoints.py:276: TestClient bypasses CORS middleware - headers not visible in tests</skipped></testcase><testcase classname="src.tests.integration.test_main_api_endpoints.TestCORS" name="test_cors_allows_all_origins" time="0.000"><skipped type="pytest.skip" message="TestClient bypasses CORS middleware - headers not visible in tests">/home/pcalnon/Development/python/JuniperCanopy/juniper_canopy/src/tests/integration/test_main_api_endpoints.py:282: TestClient bypasses CORS middleware - headers not visible in tests</skipped></testcase><testcase classname="src.tests.integration.test_main_api_endpoints.TestCORS" name="test_preflight_request" time="0.002" /><testcase classname="src.tests.integration.test_main_api_endpoints.TestConcurrentRequests" name="test_multiple_concurrent_metrics_requests" time="0.010" /><testcase classname="src.tests.integration.test_main_api_endpoints.TestConcurrentRequests" name="test_mixed_endpoint_concurrent_access" time="0.022" /><testcase classname="src.tests.integration.test_main_endpoints.TestMainEndpointsIntegration" name="test_root_redirects_to_dashboard" time="0.005" /><testcase classname="src.tests.integration.test_main_endpoints.TestMainEndpointsIntegration" name="test_health_check" time="0.006" /><testcase classname="src.tests.integration.test_main_endpoints.TestMainEndpointsIntegration" name="test_get_status_demo_mode" time="0.006" /><testcase classname="src.tests.integration.test_main_endpoints.TestMainEndpointsIntegration" name="test_get_metrics" time="0.007" /><testcase classname="src.tests.integration.test_main_endpoints.TestMainEndpointsIntegration" name="test_get_metrics_history" time="0.006" /><testcase classname="src.tests.integration.test_main_endpoints.TestMainEndpointsIntegration" name="test_get_topology" time="0.007" /><testcase classname="src.tests.integration.test_main_endpoints.TestMainEndpointsIntegration" name="test_get_dataset" time="0.009" /><testcase classname="src.tests.integration.test_main_endpoints.TestMainEndpointsIntegration" name="test_get_decision_boundary" time="0.078" /><testcase classname="src.tests.integration.test_main_endpoints.TestMainEndpointsIntegration" name="test_get_statistics" time="0.007" /><testcase classname="src.tests.integration.test_main_endpoints.TestMainEndpointsIntegration" name="test_train_start" time="0.014" /><testcase classname="src.tests.integration.test_main_endpoints.TestMainEndpointsIntegration" name="test_train_start_with_reset" time="0.007" /><testcase classname="src.tests.integration.test_main_endpoints.TestMainEndpointsIntegration" name="test_train_pause" time="0.007" /><testcase classname="src.tests.integration.test_main_endpoints.TestMainEndpointsIntegration" name="test_train_resume" time="0.017" /><testcase classname="src.tests.integration.test_main_endpoints.TestMainEndpointsIntegration" name="test_train_stop" time="0.006" /><testcase classname="src.tests.integration.test_main_endpoints.TestMainEndpointsIntegration" name="test_train_reset" time="0.009" /><testcase classname="src.tests.integration.test_main_endpoints.TestMainEndpointsIntegration" name="test_endpoints_without_backend_return_error" time="0.006" /><testcase classname="src.tests.integration.test_main_endpoints.TestMainEndpointsIntegration" name="test_startup_event" time="0.010" /><testcase classname="src.tests.integration.test_main_endpoints.TestMainEndpointsIntegration" name="test_shutdown_event" time="0.011" /><testcase classname="src.tests.integration.test_main_endpoints.TestMainEndpointsIntegration" name="test_multiple_endpoints_concurrent_access" time="0.024" /><testcase classname="src.tests.integration.test_main_endpoints.TestMainEndpointsIntegration" name="test_metrics_history_empty_on_fresh_start" time="0.007" /><testcase classname="src.tests.integration.test_main_endpoints.TestMainEndpointsIntegration" name="test_topology_valid_after_reset" time="0.009" /><testcase classname="src.tests.integration.test_main_endpoints.TestMainEndpointsIntegration" name="test_consecutive_start_commands" time="0.009" /><testcase classname="src.tests.integration.test_main_endpoints.TestMainEndpointsIntegration" name="test_pause_without_start" time="0.009" /><testcase classname="src.tests.integration.test_main_endpoints.TestMainEndpointsIntegration" name="test_resume_without_pause" time="0.008" /><testcase classname="src.tests.integration.test_main_ws.TestWebSocketEndpoints" name="test_ws_training_connection_establishment" time="0.007" /><testcase classname="src.tests.integration.test_main_ws.TestWebSocketEndpoints" name="test_ws_training_initial_status" time="0.007" /><testcase classname="src.tests.integration.test_main_ws.TestWebSocketEndpoints" name="test_ws_training_ping_pong" time="0.007" /><testcase classname="src.tests.integration.test_main_ws.TestWebSocketEndpoints" name="test_ws_training_receives_broadcasts" time="0.414" /><testcase classname="src.tests.integration.test_main_ws.TestWebSocketEndpoints" name="test_ws_training_multiple_clients" time="0.012" /><testcase classname="src.tests.integration.test_main_ws.TestWebSocketEndpoints" name="test_ws_training_connection_count_increases" time="0.010" /><testcase classname="src.tests.integration.test_main_ws.TestWebSocketEndpoints" name="test_ws_training_disconnection_cleanup" time="0.017" /><testcase classname="src.tests.integration.test_main_ws.TestWebSocketEndpoints" name="test_ws_general_connection" time="0.023" /><testcase classname="src.tests.integration.test_main_ws.TestWebSocketEndpoints" name="test_ws_general_counts_in_statistics" time="0.020" /><testcase classname="src.tests.integration.test_main_ws.TestWebSocketEndpoints" name="test_statistics_shows_connection_info" time="0.012" /><testcase classname="src.tests.integration.test_main_ws.TestWebSocketEndpoints" name="test_statistics_message_count_increases" time="0.419" /><testcase classname="src.tests.integration.test_main_ws.TestWebSocketEndpoints" name="test_broadcast_to_multiple_clients" time="0.421" /><testcase classname="src.tests.integration.test_main_ws.TestWebSocketEndpoints" name="test_broadcast_survives_client_disconnect" time="0.425" /><testcase classname="src.tests.integration.test_main_ws.TestWebSocketEndpoints" name="test_ws_handles_invalid_message" time="0.044" /><testcase classname="src.tests.integration.test_main_ws.TestWebSocketEndpoints" name="test_ws_connection_after_disconnect" time="0.009" /><testcase classname="src.tests.integration.test_main_ws.TestWebSocketEndpoints" name="test_rapid_connection_disconnection" time="0.016" /><testcase classname="src.tests.integration.test_main_ws.TestWebSocketEndpoints" name="test_ws_message_timestamps" time="0.006" /><testcase classname="src.tests.integration.test_main_ws.TestWebSocketEndpoints" name="test_concurrent_ws_and_http_requests" time="0.512" /><testcase classname="src.tests.integration.test_main_ws.TestWebSocketEndpoints" name="test_connection_metadata_tracking" time="0.012" /><testcase classname="src.tests.integration.test_main_ws.TestWebSocketEndpoints" name="test_message_count_per_connection" time="0.011" /><testcase classname="src.tests.integration.test_mvp" name="test_api_health" time="0.008" /><testcase classname="src.tests.integration.test_mvp" name="test_api_status" time="0.008" /><testcase classname="src.tests.integration.test_mvp" name="test_api_dataset" time="0.010" /><testcase classname="src.tests.integration.test_mvp" name="test_root_redirect" time="0.010" /><testcase classname="src.tests.integration.test_mvp" name="test_dashboard_accessible" time="0.010" /><testcase classname="src.tests.integration.test_mvp_functionality.TestDemoMode" name="test_demo_mode_import" time="0.001" /><testcase classname="src.tests.integration.test_mvp_functionality.TestDemoMode" name="test_mock_network_creation" time="0.001" /><testcase classname="src.tests.integration.test_mvp_functionality.TestDemoMode" name="test_demo_mode_initialization" time="0.033" /><testcase classname="src.tests.integration.test_mvp_functionality.TestDemoMode" name="test_spiral_dataset_generation" time="0.018" /><testcase classname="src.tests.integration.test_mvp_functionality.TestDemoMode" name="test_demo_mode_start_stop" time="0.519" /><testcase classname="src.tests.integration.test_mvp_functionality.TestDemoMode" name="test_metrics_generation" time="0.523" /><testcase classname="src.tests.integration.test_mvp_functionality.TestAPIEndpoints" name="test_health_endpoint" time="0.005"><skipped type="pytest.skip" message="Server not running">/home/pcalnon/Development/python/JuniperCanopy/juniper_canopy/src/tests/integration/test_mvp_functionality.py:122: Server not running</skipped></testcase><testcase classname="src.tests.integration.test_mvp_functionality.TestAPIEndpoints" name="test_status_endpoint" time="0.002"><skipped type="pytest.skip" message="Server not running">/home/pcalnon/Development/python/JuniperCanopy/juniper_canopy/src/tests/integration/test_mvp_functionality.py:136: Server not running</skipped></testcase><testcase classname="src.tests.integration.test_mvp_functionality.TestAPIEndpoints" name="test_metrics_endpoint" time="0.002"><skipped type="pytest.skip" message="Server not running">/home/pcalnon/Development/python/JuniperCanopy/juniper_canopy/src/tests/integration/test_mvp_functionality.py:156: Server not running</skipped></testcase><testcase classname="src.tests.integration.test_mvp_functionality.TestAPIEndpoints" name="test_topology_endpoint" time="0.009"><skipped type="pytest.skip" message="Server not running">/home/pcalnon/Development/python/JuniperCanopy/juniper_canopy/src/tests/integration/test_mvp_functionality.py:167: Server not running</skipped></testcase><testcase classname="src.tests.integration.test_mvp_functionality.TestAPIEndpoints" name="test_dataset_endpoint" time="0.004"><skipped type="pytest.skip" message="Server not running">/home/pcalnon/Development/python/JuniperCanopy/juniper_canopy/src/tests/integration/test_mvp_functionality.py:181: Server not running</skipped></testcase><testcase classname="src.tests.integration.test_mvp_functionality.TestBackendIntegration" name="test_cascor_integration_import" time="0.001" /><testcase classname="src.tests.integration.test_mvp_functionality.TestBackendIntegration" name="test_path_resolution_with_tilde" time="0.001" /><testcase classname="src.tests.integration.test_mvp_functionality.TestBackendIntegration" name="test_data_adapter_import" time="0.001" /><testcase classname="src.tests.integration.test_mvp_functionality.TestComponentStores" name="test_dashboard_manager_import" time="0.001" /><testcase classname="src.tests.integration.test_mvp_functionality.TestComponentStores" name="test_component_imports" time="0.001" /><testcase classname="src.tests.integration.test_network_stats_endpoint.TestNetworkStatsEndpoint" name="test_endpoint_exists" time="0.052" /><testcase classname="src.tests.integration.test_network_stats_endpoint.TestNetworkStatsEndpoint" name="test_endpoint_returns_json" time="0.009" /><testcase classname="src.tests.integration.test_network_stats_endpoint.TestNetworkStatsEndpoint" name="test_response_has_required_fields" time="0.009" /><testcase classname="src.tests.integration.test_network_stats_endpoint.TestNetworkStatsEndpoint" name="test_weight_statistics_structure" time="0.007" /><testcase classname="src.tests.integration.test_network_stats_endpoint.TestNetworkStatsEndpoint" name="test_z_score_distribution_structure" time="0.007" /><testcase classname="src.tests.integration.test_network_stats_endpoint.TestNetworkStatsEndpoint" name="test_field_types" time="0.006" /><testcase classname="src.tests.integration.test_network_stats_endpoint.TestNetworkStatsEndpoint" name="test_field_ranges" time="0.006" /><testcase classname="src.tests.integration.test_network_stats_endpoint.TestNetworkStatsEndpoint" name="test_weight_count_consistency" time="0.005" /><testcase classname="src.tests.integration.test_network_stats_endpoint.TestNetworkStatsEndpoint" name="test_z_score_count_consistency" time="0.006" /><testcase classname="src.tests.integration.test_network_stats_endpoint.TestNetworkStatsEndpoint" name="test_endpoint_performance" time="0.006" /><testcase classname="src.tests.integration.test_network_stats_endpoint.TestNetworkStatsWithDemoMode" name="test_demo_mode_returns_valid_stats" time="0.005" /><testcase classname="src.tests.integration.test_network_stats_endpoint.TestNetworkStatsErrorHandling" name="test_no_backend_available" time="0.008" /><testcase classname="src.tests.integration.test_network_stats_endpoint.TestStatsUpdateOnTopologyChange" name="test_stats_reflect_network_changes" time="0.016" /><testcase classname="src.tests.integration.test_parameter_persistence.TestParameterPersistence" name="test_training_state_persists_learning_rate" time="1.002" /><testcase classname="src.tests.integration.test_parameter_persistence.TestParameterPersistence" name="test_training_state_persists_max_hidden_units" time="1.001" /><testcase classname="src.tests.integration.test_parameter_persistence.TestParameterPersistence" name="test_training_state_no_oscillation" time="2.502" /><testcase classname="src.tests.integration.test_parameter_persistence.TestParameterPersistence" name="test_demo_mode_applies_learning_rate" time="1.053" /><testcase classname="src.tests.integration.test_parameter_persistence.TestParameterPersistence" name="test_demo_mode_applies_max_hidden_units" time="1.025" /><testcase classname="src.tests.integration.test_parameter_persistence.TestParameterPersistence" name="test_demo_mode_respects_max_hidden_units_constraint" time="0.039" /><testcase classname="src.tests.integration.test_parameter_persistence.TestParameterPersistence" name="test_parameter_persistence_during_training" time="1.023" /><testcase classname="src.tests.integration.test_parameter_persistence.TestParameterPersistence" name="test_parameter_changes_while_training" time="1.548" /><testcase classname="src.tests.integration.test_parameter_persistence.TestParameterPersistence" name="test_no_reset_to_defaults_after_10_seconds" time="11.035" /><testcase classname="src.tests.integration.test_parameter_persistence.TestParameterPersistence" name="test_training_state_echo_prevention" time="1.001" /><testcase classname="src.tests.integration.test_parameter_persistence.TestParameterPersistence" name="test_multiple_parameters_update_atomically" time="1.001" /><testcase classname="src.tests.integration.test_parameter_persistence" name="test_api_set_params_integration" time="0.002"><skipped type="pytest.skip" message="Requires running server - run manually for full integration test">/home/pcalnon/Development/python/JuniperCanopy/juniper_canopy/src/tests/integration/test_parameter_persistence.py:230: Requires running server - run manually for full integration test</skipped></testcase><testcase classname="src.tests.integration.test_setup" name="test_imports" time="0.002" /><testcase classname="src.tests.integration.test_setup" name="test_logging" time="0.001" /><testcase classname="src.tests.integration.test_setup" name="test_directories" time="0.001" /><testcase classname="src.tests.integration.test_status_bar_updates.TestStatusBarUpdates" name="test_api_state_endpoint_exists" time="0.005" /><testcase classname="src.tests.integration.test_status_bar_updates.TestStatusBarUpdates" name="test_status_has_valid_values" time="0.002" /><testcase classname="src.tests.integration.test_status_bar_updates.TestStatusBarUpdates" name="test_phase_has_valid_values" time="0.002" /><testcase classname="src.tests.integration.test_status_bar_updates.TestStatusBarUpdates" name="test_state_response_is_fast" time="0.002" /><testcase classname="src.tests.integration.test_status_bar_updates.TestStatusBarUpdates" name="test_status_changes_with_training_controls" time="0.204" /><testcase classname="src.tests.integration.test_status_bar_updates.TestStatusBarUpdates" name="test_state_contains_training_metrics" time="0.004" /><testcase classname="src.tests.integration.test_status_bar_updates.TestStatusBarUpdates" name="test_multiple_state_fetches_are_consistent" time="0.006" /><testcase classname="src.tests.integration.test_status_bar_updates.TestStatusEndpointFSMIntegration" name="test_api_status_returns_phase_field" time="0.004" /><testcase classname="src.tests.integration.test_status_bar_updates.TestStatusEndpointFSMIntegration" name="test_api_status_returns_is_running_and_is_paused" time="0.004" /><testcase classname="src.tests.integration.test_status_bar_updates.TestStatusEndpointFSMIntegration" name="test_api_status_phase_has_valid_value" time="0.002" /><testcase classname="src.tests.integration.test_status_bar_updates.TestStatusEndpointFSMIntegration" name="test_api_status_has_epoch_and_hidden_units" time="0.002" /><testcase classname="src.tests.integration.test_status_bar_updates.TestStatusEndpointFSMIntegration" name="test_api_status_reflects_training_start" time="0.204" /><testcase classname="src.tests.integration.test_status_bar_updates.TestStatusEndpointFSMIntegration" name="test_api_status_reflects_training_pause" time="0.408" /><testcase classname="src.tests.integration.test_status_bar_updates.TestStatusEndpointFSMIntegration" name="test_api
[...]
nsitions" name="test_valid_transition[TrainingStatus.STARTED-Command.STOP-TrainingStatus.STOPPED-TrainingPhase.IDLE]" time="0.001" /><testcase classname="src.tests.unit.test_training_state_machine.TestValidTransitions" name="test_valid_transition[TrainingStatus.STARTED-Command.RESET-TrainingStatus.STOPPED-TrainingPhase.IDLE]" time="0.001" /><testcase classname="src.tests.unit.test_training_state_machine.TestValidTransitions" name="test_valid_transition[TrainingStatus.PAUSED-Command.RESUME-TrainingStatus.STARTED-TrainingPhase.OUTPUT]" time="0.001" /><testcase classname="src.tests.unit.test_training_state_machine.TestValidTransitions" name="test_valid_transition[TrainingStatus.PAUSED-Command.START-TrainingStatus.STARTED-TrainingPhase.OUTPUT]" time="0.001" /><testcase classname="src.tests.unit.test_training_state_machine.TestValidTransitions" name="test_valid_transition[TrainingStatus.PAUSED-Command.STOP-TrainingStatus.STOPPED-TrainingPhase.IDLE]" time="0.001" /><testcase classname="src.tests.unit.test_training_state_machine.TestValidTransitions" name="test_valid_transition[TrainingStatus.PAUSED-Command.RESET-TrainingStatus.STOPPED-TrainingPhase.IDLE]" time="0.001" /><testcase classname="src.tests.unit.test_training_state_machine.TestInvalidTransitions" name="test_invalid_transition[TrainingStatus.STOPPED-Command.PAUSE]" time="0.001" /><testcase classname="src.tests.unit.test_training_state_machine.TestInvalidTransitions" name="test_invalid_transition[TrainingStatus.STOPPED-Command.RESUME]" time="0.001" /><testcase classname="src.tests.unit.test_training_state_machine.TestInvalidTransitions" name="test_invalid_transition[TrainingStatus.STOPPED-Command.STOP]" time="0.001" /><testcase classname="src.tests.unit.test_training_state_machine.TestInvalidTransitions" name="test_invalid_transition[TrainingStatus.STARTED-Command.START]" time="0.001" /><testcase classname="src.tests.unit.test_training_state_machine.TestInvalidTransitions" name="test_invalid_transition[TrainingStatus.STARTED-Command.RESUME]" time="0.001" /><testcase classname="src.tests.unit.test_training_state_machine.TestInvalidTransitions" name="test_invalid_transition[TrainingStatus.PAUSED-Command.PAUSE]" time="0.001" /><testcase classname="src.tests.unit.test_training_state_machine.TestPauseResumeBehavior" name="test_pause_saves_output_phase" time="0.001" /><testcase classname="src.tests.unit.test_training_state_machine.TestPauseResumeBehavior" name="test_pause_saves_candidate_phase" time="0.001" /><testcase classname="src.tests.unit.test_training_state_machine.TestPauseResumeBehavior" name="test_resume_restores_output_phase" time="0.001" /><testcase classname="src.tests.unit.test_training_state_machine.TestPauseResumeBehavior" name="test_resume_restores_candidate_phase" time="0.001" /><testcase classname="src.tests.unit.test_training_state_machine.TestPauseResumeBehavior" name="test_start_when_paused_acts_as_resume" time="0.001" /><testcase classname="src.tests.unit.test_training_state_machine.TestCandidatePhaseHandling" name="test_save_candidate_state" time="0.001" /><testcase classname="src.tests.unit.test_training_state_machine.TestCandidatePhaseHandling" name="test_candidate_state_persists_across_pause_resume" time="0.001" /><testcase classname="src.tests.unit.test_training_state_machine.TestCandidatePhaseHandling" name="test_candidate_state_cleared_on_reset" time="0.001" /><testcase classname="src.tests.unit.test_training_state_machine.TestCandidatePhaseHandling" name="test_candidate_state_cleared_on_stop" time="0.001" /><testcase classname="src.tests.unit.test_training_state_machine.TestPhaseTransitions" name="test_set_phase_when_started" time="0.001" /><testcase classname="src.tests.unit.test_training_state_machine.TestPhaseTransitions" name="test_set_phase_when_not_started_ignored" time="0.001" /><testcase classname="src.tests.unit.test_training_state_machine.TestRapidCommandSequences" name="test_rapid_start_stop_start" time="0.001" /><testcase classname="src.tests.unit.test_training_state_machine.TestRapidCommandSequences" name="test_rapid_pause_resume_pause" time="0.001" /><testcase classname="src.tests.unit.test_training_state_machine.TestRapidCommandSequences" name="test_reset_from_any_state" time="0.001" /><testcase classname="src.tests.unit.test_training_state_machine.TestResetBehavior" name="test_reset_clears_all_state" time="0.001" /><testcase classname="src.tests.unit.test_training_state_machine.TestResetBehavior" name="test_reset_always_succeeds" time="0.001" /><testcase classname="src.tests.unit.test_websocket_comprehensive.TestMessageBuilderFunctions" name="test_create_state_message_with_dict" time="0.001" /><testcase classname="src.tests.unit.test_websocket_comprehensive.TestMessageBuilderFunctions" name="test_create_state_message_with_get_state_object" time="0.001" /><testcase classname="src.tests.unit.test_websocket_comprehensive.TestMessageBuilderFunctions" name="test_create_state_message_timestamp_is_current" time="0.001" /><testcase classname="src.tests.unit.test_websocket_comprehensive.TestMessageBuilderFunctions" name="test_create_metrics_message" time="0.001" /><testcase classname="src.tests.unit.test_websocket_comprehensive.TestMessageBuilderFunctions" name="test_create_metrics_message_empty_metrics" time="0.001" /><testcase classname="src.tests.unit.test_websocket_comprehensive.TestMessageBuilderFunctions" name="test_create_topology_message" time="0.001" /><testcase classname="src.tests.unit.test_websocket_comprehensive.TestMessageBuilderFunctions" name="test_create_topology_message_complex_structure" time="0.001" /><testcase classname="src.tests.unit.test_websocket_comprehensive.TestMessageBuilderFunctions" name="test_create_event_message" time="0.001" /><testcase classname="src.tests.unit.test_websocket_comprehensive.TestMessageBuilderFunctions" name="test_create_event_message_phase_change" time="0.001" /><testcase classname="src.tests.unit.test_websocket_comprehensive.TestMessageBuilderFunctions" name="test_create_event_message_empty_details" time="0.001" /><testcase classname="src.tests.unit.test_websocket_comprehensive.TestMessageBuilderFunctions" name="test_create_control_ack_message_success" time="0.001" /><testcase classname="src.tests.unit.test_websocket_comprehensive.TestMessageBuilderFunctions" name="test_create_control_ack_message_failure" time="0.001" /><testcase classname="src.tests.unit.test_websocket_comprehensive.TestMessageBuilderFunctions" name="test_create_control_ack_message_no_message" time="0.001" /><testcase classname="src.tests.unit.test_websocket_comprehensive.TestMessageBuilderFunctions" name="test_create_control_ack_message_all_commands" time="0.001" /><testcase classname="src.tests.unit.test_websocket_comprehensive.TestMessageBuilderFunctions" name="test_create_stats_message" time="0.001" /><testcase classname="src.tests.unit.test_websocket_comprehensive.TestMessageBuilderFunctions" name="test_create_stats_message_empty" time="0.001" /><testcase classname="src.tests.unit.test_websocket_comprehensive.TestBroadcastEdgeCases" name="test_broadcast_to_many_clients" time="0.031" /><testcase classname="src.tests.unit.test_websocket_comprehensive.TestBroadcastEdgeCases" name="test_broadcast_updates_all_metadata" time="0.027" /><testcase classname="src.tests.unit.test_websocket_comprehensive.TestBroadcastEdgeCases" name="test_broadcast_partial_failure" time="0.030" /><testcase classname="src.tests.unit.test_websocket_comprehensive.TestBroadcastEdgeCases" name="test_broadcast_all_fail" time="0.030" /><testcase classname="src.tests.unit.test_websocket_comprehensive.TestBroadcastEdgeCases" name="test_broadcast_excludes_multiple" time="0.034" /><testcase classname="src.tests.unit.test_websocket_comprehensive.TestBroadcastEdgeCases" name="test_broadcast_preserves_existing_timestamp" time="0.024" /><testcase classname="src.tests.unit.test_websocket_comprehensive.TestConnectionMetadataEdgeCases" name="test_get_connection_info_empty" time="0.021" /><testcase classname="src.tests.unit.test_websocket_comprehensive.TestConnectionMetadataEdgeCases" name="test_get_connection_info_multiple_clients" time="0.024" /><testcase classname="src.tests.unit.test_websocket_comprehensive.TestConnectionMetadataEdgeCases" name="test_metadata_last_message_at_updates" time="0.034" /><testcase classname="src.tests.unit.test_websocket_comprehensive.TestConnectionMetadataEdgeCases" name="test_get_statistics_with_connections" time="0.032" /><testcase classname="src.tests.unit.test_websocket_comprehensive.TestHeartbeatFunctionality" name="test_broadcast_ping_to_multiple_clients" time="0.024" /><testcase classname="src.tests.unit.test_websocket_comprehensive.TestHeartbeatFunctionality" name="test_broadcast_ping_no_connections" time="0.021" /><testcase classname="src.tests.unit.test_websocket_comprehensive.TestHeartbeatFunctionality" name="test_broadcast_ping_removes_failed" time="0.026" /><testcase classname="src.tests.unit.test_websocket_comprehensive.TestHeartbeatFunctionality" name="test_send_ping_returns_true_on_success" time="0.028" /><testcase classname="src.tests.unit.test_websocket_comprehensive.TestErrorHandling" name="test_send_personal_message_disconnects_on_error" time="0.027" /><testcase classname="src.tests.unit.test_websocket_comprehensive.TestErrorHandling" name="test_send_personal_message_to_unknown_websocket" time="0.023" /><testcase classname="src.tests.unit.test_websocket_comprehensive.TestErrorHandling" name="test_shutdown_handles_close_errors" time="0.022" /><testcase classname="src.tests.unit.test_websocket_comprehensive.TestErrorHandling" name="test_broadcast_sync_handles_exception" time="0.022" /><testcase classname="src.tests.unit.test_websocket_comprehensive.TestErrorHandling" name="test_broadcast_from_thread_closed_loop" time="0.022" /><testcase classname="src.tests.unit.test_websocket_comprehensive.TestErrorHandling" name="test_broadcast_from_thread_exception" time="0.021" /><testcase classname="src.tests.unit.test_websocket_comprehensive.TestBroadcastStateChange" name="test_broadcast_state_change_format" time="0.023" /><testcase classname="src.tests.unit.test_websocket_comprehensive.TestBroadcastStateChange" name="test_broadcast_state_change_no_connections" time="0.029" /><testcase classname="src.tests.unit.test_websocket_comprehensive.TestLoggerSetup" name="test_logger_fallback_when_import_fails" time="0.026" /><testcase classname="src.tests.unit.test_websocket_comprehensive.TestEnvironmentVariableConfig" name="test_invalid_max_connections_env" time="0.027" /><testcase classname="src.tests.unit.test_websocket_comprehensive.TestEnvironmentVariableConfig" name="test_valid_max_connections_env" time="0.028" /><testcase classname="src.tests.unit.test_websocket_comprehensive.TestEnvironmentVariableConfig" name="test_invalid_heartbeat_interval_env" time="0.028" /><testcase classname="src.tests.unit.test_websocket_comprehensive.TestEnvironmentVariableConfig" name="test_valid_heartbeat_interval_env" time="0.027" /><testcase classname="src.tests.unit.test_websocket_comprehensive.TestEnvironmentVariableConfig" name="test_invalid_reconnect_attempts_env" time="0.024" /><testcase classname="src.tests.unit.test_websocket_comprehensive.TestEnvironmentVariableConfig" name="test_valid_reconnect_attempts_env" time="0.026" /><testcase classname="src.tests.unit.test_websocket_comprehensive.TestEnvironmentVariableConfig" name="test_invalid_reconnect_delay_env" time="0.036" /><testcase classname="src.tests.unit.test_websocket_comprehensive.TestEnvironmentVariableConfig" name="test_valid_reconnect_delay_env" time="0.036" /><testcase classname="src.tests.unit.test_websocket_comprehensive.TestDisconnectEdgeCases" name="test_disconnect_already_disconnected" time="0.031" /><testcase classname="src.tests.unit.test_websocket_comprehensive.TestDisconnectEdgeCases" name="test_disconnect_cleans_up_metadata" time="0.037" /><testcase classname="src.tests.unit.test_websocket_comprehensive.TestSendPingEdgeCases" name="test_send_ping_exception_returns_false" time="0.029" /><testcase classname="src.tests.unit.test_websocket_manager_unit.TestWebSocketManagerUnit" name="test_initialization" time="0.026" /><testcase classname="src.tests.unit.test_websocket_manager_unit.TestWebSocketManagerUnit" name="test_set_event_loop" time="0.023" /><testcase classname="src.tests.unit.test_websocket_manager_unit.TestWebSocketManagerUnit" name="test_connect_accepts_websocket" time="0.025" /><testcase classname="src.tests.unit.test_websocket_manager_unit.TestWebSocketManagerUnit" name="test_connect_with_client_id" time="0.026" /><testcase classname="src.tests.unit.test_websocket_manager_unit.TestWebSocketManagerUnit" name="test_connect_auto_generates_client_id" time="0.035" /><testcase classname="src.tests.unit.test_websocket_manager_unit.TestWebSocketManagerUnit" name="test_connect_sends_acknowledgment" time="0.027" /><testcase classname="src.tests.unit.test_websocket_manager_unit.TestWebSocketManagerUnit" name="test_connect_stores_metadata" time="0.027" /><testcase classname="src.tests.unit.test_websocket_manager_unit.TestWebSocketManagerUnit" name="test_disconnect_removes_connection" time="0.025" /><testcase classname="src.tests.unit.test_websocket_manager_unit.TestWebSocketManagerUnit" name="test_disconnect_handles_missing_connection" time="0.026" /><testcase classname="src.tests.unit.test_websocket_manager_unit.TestWebSocketManagerUnit" name="test_send_personal_message" time="0.028" /><testcase classname="src.tests.unit.test_websocket_manager_unit.TestWebSocketManagerUnit" name="test_send_personal_message_adds_timestamp" time="0.030" /><testcase classname="src.tests.unit.test_websocket_manager_unit.TestWebSocketManagerUnit" name="test_send_personal_message_preserves_timestamp" time="0.029" /><testcase classname="src.tests.unit.test_websocket_manager_unit.TestWebSocketManagerUnit" name="test_send_personal_message_updates_metadata" time="0.027" /><testcase classname="src.tests.unit.test_websocket_manager_unit.TestWebSocketManagerUnit" name="test_send_personal_message_handles_error" time="0.024" /><testcase classname="src.tests.unit.test_websocket_manager_unit.TestWebSocketManagerUnit" name="test_broadcast_to_all_connections" time="0.030" /><testcase classname="src.tests.unit.test_websocket_manager_unit.TestWebSocketManagerUnit" name="test_broadcast_adds_timestamp" time="0.031" /><testcase classname="src.tests.unit.test_websocket_manager_unit.TestWebSocketManagerUnit" name="test_broadcast_increments_message_count" time="0.039" /><testcase classname="src.tests.unit.test_websocket_manager_unit.TestWebSocketManagerUnit" name="test_broadcast_with_exclude" time="0.032" /><testcase classname="src.tests.unit.test_websocket_manager_unit.TestWebSocketManagerUnit" name="test_broadcast_handles_disconnected_clients" time="0.027" /><testcase classname="src.tests.unit.test_websocket_manager_unit.TestWebSocketManagerUnit" name="test_broadcast_no_connections" time="0.024" /><testcase classname="src.tests.unit.test_websocket_manager_unit.TestWebSocketManagerUnit" name="test_broadcast_sync_with_event_loop" time="0.324" /><testcase classname="src.tests.unit.test_websocket_manager_unit.TestWebSocketManagerUnit" name="test_broadcast_sync_without_loop" time="0.026" /><testcase classname="src.tests.unit.test_websocket_manager_unit.TestWebSocketManagerUnit" name="test_broadcast_from_thread" time="0.331" /><testcase classname="src.tests.unit.test_websocket_manager_unit.TestWebSocketManagerUnit" name="test_broadcast_from_thread_no_connections" time="0.020" /><testcase classname="src.tests.unit.test_websocket_manager_unit.TestWebSocketManagerUnit" name="test_broadcast_from_thread_no_event_loop" time="0.020" /><testcase classname="src.tests.unit.test_websocket_manager_unit.TestWebSocketManagerUnit" name="test_get_connection_count" time="0.021" /><testcase classname="src.tests.unit.test_websocket_manager_unit.TestWebSocketManagerUnit" name="test_get_connection_info" time="0.025" /><testcase classname="src.tests.unit.test_websocket_manager_unit.TestWebSocketManagerUnit" name="test_get_statistics" time="0.026" /><testcase classname="src.tests.unit.test_websocket_manager_unit.TestWebSocketManagerUnit" name="test_get_statistics_empty" time="0.032" /><testcase classname="src.tests.unit.test_websocket_manager_unit.TestWebSocketManagerUnit" name="test_send_ping" time="0.036" /><testcase classname="src.tests.unit.test_websocket_manager_unit.TestWebSocketManagerUnit" name="test_send_ping_failure" time="0.027" /><testcase classname="src.tests.unit.test_websocket_manager_unit.TestWebSocketManagerUnit" name="test_broadcast_ping" time="0.023" /><testcase classname="src.tests.unit.test_websocket_manager_unit.TestWebSocketManagerUnit" name="test_shutdown_closes_all_connections" time="0.025" /><testcase classname="src.tests.unit.test_websocket_manager_unit.TestWebSocketManagerUnit" name="test_shutdown_sends_notice" time="0.025" /><testcase classname="src.tests.unit.test_websocket_manager_unit.TestWebSocketManagerUnit" name="test_multiple_connects_same_websocket" time="0.023" /><testcase classname="src.tests.unit.test_websocket_manager_unit.TestWebSocketManagerUnit" name="test_concurrent_broadcasts" time="0.023" /><testcase classname="src.tests.unit.test_weight_statistics.TestWeightStatisticsBasics" name="test_normal_weights" time="0.003" /><testcase classname="src.tests.unit.test_weight_statistics.TestWeightStatisticsBasics" name="test_positive_negative_zero_counts" time="0.002" /><testcase classname="src.tests.unit.test_weight_statistics.TestWeightStatisticsBasics" name="test_mean_computation" time="0.002" /><testcase classname="src.tests.unit.test_weight_statistics.TestWeightStatisticsBasics" name="test_std_dev_computation" time="0.002" /><testcase classname="src.tests.unit.test_weight_statistics.TestWeightStatisticsBasics" name="test_median_computation" time="0.002" /><testcase classname="src.tests.unit.test_weight_statistics.TestWeightStatisticsEdgeCases" name="test_empty_weights" time="0.001" /><testcase classname="src.tests.unit.test_weight_statistics.TestWeightStatisticsEdgeCases" name="test_single_value" time="0.007" /><testcase classname="src.tests.unit.test_weight_statistics.TestWeightStatisticsEdgeCases" name="test_all_zeros" time="0.002" /><testcase classname="src.tests.unit.test_weight_statistics.TestWeightStatisticsEdgeCases" name="test_all_same_value" time="0.001" /><testcase classname="src.tests.unit.test_weight_statistics.TestWeightStatisticsEdgeCases" name="test_negative_single_value" time="0.001" /><testcase classname="src.tests.unit.test_weight_statistics.TestAdvancedStatistics" name="test_skewness_computation" time="0.002" /><testcase classname="src.tests.unit.test_weight_statistics.TestAdvancedStatistics" name="test_kurtosis_computation" time="0.002" /><testcase classname="src.tests.unit.test_weight_statistics.TestAdvancedStatistics" name="test_mad_computation" time="0.003" /><testcase classname="src.tests.unit.test_weight_statistics.TestAdvancedStatistics" name="test_iqr_computation" time="0.003" /><testcase classname="src.tests.unit.test_weight_statistics.TestAdvancedStatistics" name="test_z_score_distribution" time="0.003" /><testcase classname="src.tests.unit.test_weight_statistics.TestInputValidation" name="test_none_input" time="0.001" /><testcase classname="src.tests.unit.test_weight_statistics.TestInputValidation" name="test_list_input" time="0.003" /><testcase classname="src.tests.unit.test_weight_statistics.TestInputValidation" name="test_multidimensional_array" time="0.003" /><testcase classname="src.tests.unit.test_weight_statistics.TestStatisticalAccuracy" name="test_min_max_values" time="0.002" /><testcase classname="src.tests.unit.test_weight_statistics.TestStatisticalAccuracy" name="test_variance_computation" time="0.002" /><testcase classname="src.tests.unit.test_weight_statistics.TestStatisticalAccuracy" name="test_percentiles" time="0.004" /></testsuite></testsuites>
